
PSGemulator.elf:     file format elf32-littleriscv
PSGemulator.elf
architecture: riscv:rv32, flags 0x00000112:
EXEC_P, HAS_SYMS, D_PAGED
start address 0x00000000

Program Header:
    LOAD off    0x00001000 vaddr 0x00000000 paddr 0x00000000 align 2**12
         filesz 0x000010b4 memsz 0x000010b4 flags r-x
    LOAD off    0x00003000 vaddr 0x20000000 paddr 0x000010b4 align 2**12
         filesz 0x00000030 memsz 0x0000014c flags rw-
    LOAD off    0x00003700 vaddr 0x20000700 paddr 0x20000700 align 2**12
         filesz 0x00000000 memsz 0x00000100 flags rw-

Sections:
Idx Name          Size      VMA       LMA       File off  Algn
  0 .init         000000a0  00000000  00000000  00001000  2**2
                  CONTENTS, ALLOC, LOAD, READONLY, CODE
  1 .text         00001014  000000a0  000000a0  000010a0  2**2
                  CONTENTS, ALLOC, LOAD, READONLY, CODE
  2 .fini         00000000  000010b4  000010b4  00003030  2**0
                  CONTENTS, ALLOC, LOAD, CODE
  3 .dalign       00000000  20000000  20000000  00003030  2**0
                  CONTENTS
  4 .dlalign      00000000  000010b4  000010b4  00003030  2**0
                  CONTENTS
  5 .data         00000030  20000000  000010b4  00003000  2**2
                  CONTENTS, ALLOC, LOAD, DATA
  6 .bss          0000011c  20000030  000010e4  00003030  2**2
                  ALLOC
  7 .stack        00000100  20000700  20000700  00003700  2**0
                  ALLOC
  8 .debug_info   00009d60  00000000  00000000  00003030  2**0
                  CONTENTS, READONLY, DEBUGGING
  9 .debug_abbrev 0000196b  00000000  00000000  0000cd90  2**0
                  CONTENTS, READONLY, DEBUGGING
 10 .debug_aranges 00000650  00000000  00000000  0000e700  2**3
                  CONTENTS, READONLY, DEBUGGING
 11 .debug_ranges 000006c0  00000000  00000000  0000ed50  2**3
                  CONTENTS, READONLY, DEBUGGING
 12 .debug_line   00007ee7  00000000  00000000  0000f410  2**0
                  CONTENTS, READONLY, DEBUGGING
 13 .debug_str    000022c2  00000000  00000000  000172f7  2**0
                  CONTENTS, READONLY, DEBUGGING
 14 .comment      00000033  00000000  00000000  000195b9  2**0
                  CONTENTS, READONLY
 15 .debug_frame  00000d1c  00000000  00000000  000195ec  2**2
                  CONTENTS, READONLY, DEBUGGING
 16 .debug_loc    000032fb  00000000  00000000  0001a308  2**0
                  CONTENTS, READONLY, DEBUGGING
SYMBOL TABLE:
00000000 l    d  .init	00000000 .init
000000a0 l    d  .text	00000000 .text
000010b4 l    d  .fini	00000000 .fini
20000000 l    d  .dalign	00000000 .dalign
000010b4 l    d  .dlalign	00000000 .dlalign
20000000 l    d  .data	00000000 .data
20000030 l    d  .bss	00000000 .bss
20000700 l    d  .stack	00000000 .stack
00000000 l    d  .debug_info	00000000 .debug_info
00000000 l    d  .debug_abbrev	00000000 .debug_abbrev
00000000 l    d  .debug_aranges	00000000 .debug_aranges
00000000 l    d  .debug_ranges	00000000 .debug_ranges
00000000 l    d  .debug_line	00000000 .debug_line
00000000 l    d  .debug_str	00000000 .debug_str
00000000 l    d  .comment	00000000 .comment
00000000 l    d  .debug_frame	00000000 .debug_frame
00000000 l    d  .debug_loc	00000000 .debug_loc
00000000 l    df *ABS*	00000000 ch32v00x_it.c
00000000 l    df *ABS*	00000000 main.c
00000000 l    df *ABS*	00000000 system_ch32v00x.c
00000000 l    df *ABS*	00000000 ch32v00x_gpio.c
00000000 l    df *ABS*	00000000 ch32v00x_i2c.c
00000000 l    df *ABS*	00000000 ch32v00x_misc.c
00000000 l    df *ABS*	00000000 ch32v00x_rcc.c
20000008 l     O .data	00000014 ADCPrescTable
2000001c l     O .data	00000010 APBAHBPrescTable
00000000 l    df *ABS*	00000000 ch32v00x_tim.c
20000054 g     O .bss	00000006 psg_noise_on
00000138 g     F .text	0000009a i2cinit
20000830 g       .data	00000000 __global_pointer$
00000a8e  w      .text	00000000 TIM1_CC_IRQHandler
00000d1e g     F .text	00000008 I2C_ReceiveData
20000030 g     O .bss	00000008 psg_envelope_counter
00000136 g     F .text	00000002 HardFault_Handler
0000073c g     F .text	00000290 SysTick_Handler
00000d4c g     F .text	000000a6 NVIC_Init
00000a66  w      .text	00000000 PVD_IRQHandler
00000132 g     F .text	00000004 NMI_Handler
20000000 g     O .data	00000004 psg_master_clock
20000038 g     O .bss	00000008 psg_envelope_interval
20000030 g       .bss	00000000 _sbss
00000100 g       *ABS*	00000000 __stack_size
20000040 g     O .bss	00000002 psg_master_volume
000000aa g     F .text	0000000a .hidden __riscv_restore_2
00000fbc g     F .text	00000016 TIM_CtrlPWMOutputs
00000d0c g     F .text	00000012 I2C_ITConfig
20000141 g     O .bss	00000001 rx_write_ptr
00000fa4 g     F .text	00000018 TIM_Cmd
00000fec g     F .text	00000016 TIM_OC4PreloadConfig
20000004 g     O .data	00000004 SystemCoreClock
000000bc g     F .text	0000002c .hidden __udivsi3
000000a0 g       .init	00000000 _einit
00000e8e g     F .text	0000001e RCC_APB2PeriphClockCmd
00000b16 g     F .text	000000d6 GPIO_Init
20000148 g     O .bss	00000004 NVIC_Priority_Group
00000a86  w      .text	00000000 SPI1_IRQHandler
000000a0 g     F .text	0000000a .hidden __riscv_save_1
000000aa g     F .text	0000000a .hidden __riscv_restore_0
00000a6e  w      .text	00000000 AWU_IRQHandler
00000a6c  w      .text	00000000 EXTI7_0_IRQHandler
20000146 g     O .bss	00000001 rxstatus
00000eac g     F .text	0000001e RCC_APB1PeriphClockCmd
20000700 g       .stack	00000000 _heap_end
2000005c g     O .bss	00000002 psg_noise_output
00000a76  w      .text	00000000 DMA1_Channel4_IRQHandler
00000a7e  w      .text	00000000 ADC1_IRQHandler
00000c12 g     F .text	000000e2 I2C_Init
2000004c g     O .bss	00000008 psg_noise_interval
2000014c g       .bss	00000000 _ebss
00000a7c  w      .text	00000000 DMA1_Channel7_IRQHandler
200000c0 g     O .bss	00000080 rx_buffer
00000246 g     F .text	00000032 toneinit
00000fd2 g     F .text	0000001a TIM_ARRPreloadConfig
20000144 g     O .bss	00000002 rxdata
000000e8 g     F .text	00000008 .hidden __umodsi3
00000660 g     F .text	000000c2 I2C1_EV_IRQHandler
00000df2 g     F .text	0000009c RCC_GetClocksFreq
00000a7a  w      .text	00000000 DMA1_Channel6_IRQHandler
00000a6a  w      .text	00000000 RCC_IRQHandler
00000a8c  w      .text	00000000 TIM1_TRG_COM_IRQHandler
00000a70  w      .text	00000000 DMA1_Channel1_IRQHandler
00000000 g       .init	00000000 _start
200000b8 g     O .bss	00000006 psg_tone_on
20000068 g     O .bss	00000018 psg_osc_counter
20000098 g     O .bss	00000020 psg_register
00001074 g     O .text	00000040 psg_volume
00000bec g     F .text	00000026 I2C_DeInit
00000cf4 g     F .text	00000018 I2C_Cmd
20000000 g       .dalign	00000000 _data_vma
00000f36 g     F .text	0000006e TIM_OC4Init
0000034e g     F .text	00000312 main
20000060 g     O .bss	00000008 psg_noise_seed
00000a78  w      .text	00000000 DMA1_Channel5_IRQHandler
000000b4 g     F .text	00000058 .hidden __divsi3
20000140 g     O .bss	00000001 rx_read_ptr
000009cc g     F .text	00000090 SystemInit
20000080 g     O .bss	00000018 psg_osc_interval
00000000 g       .init	00000000 _sinit
00000a74  w      .text	00000000 DMA1_Channel3_IRQHandler
00000a8a  w      .text	00000000 TIM1_UP_IRQHandler
00000a64  w      .text	00000000 WWDG_IRQHandler
00000eca g     F .text	0000001e RCC_APB1PeriphResetCmd
00000d26 g     F .text	00000020 I2C_GetITStatus
00000a90  w      .text	00000000 TIM2_IRQHandler
20000800 g       .stack	00000000 _eusrstack
000000a0 g     F .text	0000000a .hidden __riscv_save_2
00000a62  w      .text	00000000 SW_Handler
000001d2 g     F .text	00000074 TIM1_PWMOut_Init
00000a88  w      .text	00000000 TIM1_BRK_IRQHandler
20000030 g       .data	00000000 _edata
2000014c g       .bss	00000000 _end
00000ee8 g     F .text	0000004e TIM_TimeBaseInit
000010b4 g       .dlalign	00000000 _data_lma
00000278 g     F .text	000000d6 psg_reset
20000044 g     O .bss	00000008 psg_noise_counter
0000010c g     F .text	00000024 .hidden __modsi3
00000a72  w      .text	00000000 DMA1_Channel2_IRQHandler
00000a92  w      .text	00000000 handle_reset
00000a68  w      .text	00000000 FLASH_IRQHandler
000000a0 g     F .text	0000000a .hidden __riscv_save_0
00000a84  w      .text	00000000 USART1_IRQHandler
00000722 g     F .text	0000001a I2C1_ER_IRQHandler
00000d46 g     F .text	00000006 NVIC_PriorityGroupConfig
000000aa g     F .text	0000000a .hidden __riscv_restore_1



Disassembly of section .init:

00000000 <_sinit>:
   0:	2930006f          	j	a92 <handle_reset>
   4:	0000                	unimp
   6:	0000                	unimp
   8:	0132                	slli	sp,sp,0xc
   a:	0000                	unimp
   c:	0136                	slli	sp,sp,0xd
	...
  2e:	0000                	unimp
  30:	073c                	addi	a5,sp,904
  32:	0000                	unimp
  34:	0000                	unimp
  36:	0000                	unimp
  38:	0a62                	slli	s4,s4,0x18
  3a:	0000                	unimp
  3c:	0000                	unimp
  3e:	0000                	unimp
  40:	0a64                	addi	s1,sp,284
  42:	0000                	unimp
  44:	0a66                	slli	s4,s4,0x19
  46:	0000                	unimp
  48:	0a68                	addi	a0,sp,284
  4a:	0000                	unimp
  4c:	0a6a                	slli	s4,s4,0x1a
  4e:	0000                	unimp
  50:	0a6c                	addi	a1,sp,284
  52:	0000                	unimp
  54:	0a6e                	slli	s4,s4,0x1b
  56:	0000                	unimp
  58:	0a70                	addi	a2,sp,284
  5a:	0000                	unimp
  5c:	0a72                	slli	s4,s4,0x1c
  5e:	0000                	unimp
  60:	0a74                	addi	a3,sp,284
  62:	0000                	unimp
  64:	0a76                	slli	s4,s4,0x1d
  66:	0000                	unimp
  68:	0a78                	addi	a4,sp,284
  6a:	0000                	unimp
  6c:	0a7a                	slli	s4,s4,0x1e
  6e:	0000                	unimp
  70:	0a7c                	addi	a5,sp,284
  72:	0000                	unimp
  74:	0a7e                	slli	s4,s4,0x1f
  76:	0000                	unimp
  78:	0660                	addi	s0,sp,780
  7a:	0000                	unimp
  7c:	0722                	slli	a4,a4,0x8
  7e:	0000                	unimp
  80:	0a84                	addi	s1,sp,336
  82:	0000                	unimp
  84:	0a86                	slli	s5,s5,0x1
  86:	0000                	unimp
  88:	0a88                	addi	a0,sp,336
  8a:	0000                	unimp
  8c:	0a8a                	slli	s5,s5,0x2
  8e:	0000                	unimp
  90:	0a8c                	addi	a1,sp,336
  92:	0000                	unimp
  94:	0a8e                	slli	s5,s5,0x3
  96:	0000                	unimp
  98:	0a90                	addi	a2,sp,336
  9a:	0000                	unimp
  9c:	0000                	unimp
	...

Disassembly of section .text:

000000a0 <__riscv_save_0>:
      a0:	1151                	addi	sp,sp,-12
      a2:	c026                	sw	s1,0(sp)
      a4:	c222                	sw	s0,4(sp)
      a6:	c406                	sw	ra,8(sp)
      a8:	8282                	jr	t0

000000aa <__riscv_restore_0>:
      aa:	4482                	lw	s1,0(sp)
      ac:	4412                	lw	s0,4(sp)
      ae:	40a2                	lw	ra,8(sp)
      b0:	0131                	addi	sp,sp,12
      b2:	8082                	ret

000000b4 <__divsi3>:
      b4:	02054e63          	bltz	a0,f0 <__umodsi3+0x8>
      b8:	0405c363          	bltz	a1,fe <__umodsi3+0x16>

000000bc <__udivsi3>:
      bc:	862e                	mv	a2,a1
      be:	85aa                	mv	a1,a0
      c0:	557d                	li	a0,-1
      c2:	c215                	beqz	a2,e6 <__udivsi3+0x2a>
      c4:	4685                	li	a3,1
      c6:	00b67863          	bgeu	a2,a1,d6 <__udivsi3+0x1a>
      ca:	00c05663          	blez	a2,d6 <__udivsi3+0x1a>
      ce:	0606                	slli	a2,a2,0x1
      d0:	0686                	slli	a3,a3,0x1
      d2:	feb66ce3          	bltu	a2,a1,ca <__udivsi3+0xe>
      d6:	4501                	li	a0,0
      d8:	00c5e463          	bltu	a1,a2,e0 <__udivsi3+0x24>
      dc:	8d91                	sub	a1,a1,a2
      de:	8d55                	or	a0,a0,a3
      e0:	8285                	srli	a3,a3,0x1
      e2:	8205                	srli	a2,a2,0x1
      e4:	faf5                	bnez	a3,d8 <__udivsi3+0x1c>
      e6:	8082                	ret

000000e8 <__umodsi3>:
      e8:	8286                	mv	t0,ra
      ea:	3fc9                	jal	bc <__udivsi3>
      ec:	852e                	mv	a0,a1
      ee:	8282                	jr	t0
      f0:	40a00533          	neg	a0,a0
      f4:	0005d763          	bgez	a1,102 <__stack_size+0x2>
      f8:	40b005b3          	neg	a1,a1
      fc:	b7c1                	j	bc <__udivsi3>
      fe:	40b005b3          	neg	a1,a1
     102:	8286                	mv	t0,ra
     104:	3f65                	jal	bc <__udivsi3>
     106:	40a00533          	neg	a0,a0
     10a:	8282                	jr	t0

0000010c <__modsi3>:
     10c:	8286                	mv	t0,ra
     10e:	0005c763          	bltz	a1,11c <__modsi3+0x10>
     112:	00054963          	bltz	a0,124 <__modsi3+0x18>
     116:	375d                	jal	bc <__udivsi3>
     118:	852e                	mv	a0,a1
     11a:	8282                	jr	t0
     11c:	40b005b3          	neg	a1,a1
     120:	fe055be3          	bgez	a0,116 <__modsi3+0xa>
     124:	40a00533          	neg	a0,a0
     128:	3f51                	jal	bc <__udivsi3>
     12a:	40b00533          	neg	a0,a1
     12e:	8282                	jr	t0
	...

00000132 <NMI_Handler>:
     132:	30200073          	mret

00000136 <HardFault_Handler>:
     136:	a001                	j	136 <HardFault_Handler>

00000138 <i2cinit>:
     138:	f69ff2ef          	jal	t0,a0 <__riscv_save_0>
     13c:	fdc10113          	addi	sp,sp,-36
     140:	c22a                	sw	a0,4(sp)
     142:	c02e                	sw	a1,0(sp)
     144:	4545                	li	a0,17
     146:	4585                	li	a1,1
     148:	c402                	sw	zero,8(sp)
     14a:	c602                	sw	zero,12(sp)
     14c:	c802                	sw	zero,16(sp)
     14e:	ca02                	sw	zero,20(sp)
     150:	cc02                	sw	zero,24(sp)
     152:	ce02                	sw	zero,28(sp)
     154:	d002                	sw	zero,32(sp)
     156:	539000ef          	jal	ra,e8e <RCC_APB2PeriphClockCmd>
     15a:	4585                	li	a1,1
     15c:	00200537          	lui	a0,0x200
     160:	54d000ef          	jal	ra,eac <RCC_APB1PeriphClockCmd>
     164:	4691                	li	a3,4
     166:	44f1                	li	s1,28
     168:	440d                	li	s0,3
     16a:	002c                	addi	a1,sp,8
     16c:	40011537          	lui	a0,0x40011
     170:	8474                	sh	a3,8(sp)
     172:	c826                	sw	s1,16(sp)
     174:	c622                	sw	s0,12(sp)
     176:	1a1000ef          	jal	ra,b16 <GPIO_Init>
     17a:	4689                	li	a3,2
     17c:	002c                	addi	a1,sp,8
     17e:	40011537          	lui	a0,0x40011
     182:	8474                	sh	a3,8(sp)
     184:	c826                	sw	s1,16(sp)
     186:	c622                	sw	s0,12(sp)
     188:	18f000ef          	jal	ra,b16 <GPIO_Init>
     18c:	4782                	lw	a5,0(sp)
     18e:	4712                	lw	a4,4(sp)
     190:	40005437          	lui	s0,0x40005
     194:	86fc                	sh	a5,28(sp)
     196:	40000793          	li	a5,1024
     19a:	ca3a                	sw	a4,20(sp)
     19c:	87fc                	sh	a5,30(sp)
     19e:	bfff0737          	lui	a4,0xbfff0
     1a2:	6791                	lui	a5,0x4
     1a4:	084c                	addi	a1,sp,20
     1a6:	40040513          	addi	a0,s0,1024 # 40005400 <__global_pointer$+0x20004bd0>
     1aa:	cc3a                	sw	a4,24(sp)
     1ac:	02f11023          	sh	a5,32(sp)
     1b0:	263000ef          	jal	ra,c12 <I2C_Init>
     1b4:	40040513          	addi	a0,s0,1024
     1b8:	4585                	li	a1,1
     1ba:	33b000ef          	jal	ra,cf4 <I2C_Cmd>
     1be:	4605                	li	a2,1
     1c0:	30000593          	li	a1,768
     1c4:	40040513          	addi	a0,s0,1024
     1c8:	345000ef          	jal	ra,d0c <I2C_ITConfig>
     1cc:	02410113          	addi	sp,sp,36
     1d0:	bde9                	j	aa <__riscv_restore_0>

000001d2 <TIM1_PWMOut_Init>:
     1d2:	ecfff2ef          	jal	t0,a0 <__riscv_save_0>
     1d6:	1101                	addi	sp,sp,-32
     1d8:	40013437          	lui	s0,0x40013
     1dc:	8468                	sh	a0,8(sp)
     1de:	826c                	sh	a1,4(sp)
     1e0:	c0040513          	addi	a0,s0,-1024 # 40012c00 <__global_pointer$+0x200123d0>
     1e4:	004c                	addi	a1,sp,4
     1e6:	c032                	sw	a2,0(sp)
     1e8:	c802                	sw	zero,16(sp)
     1ea:	ca02                	sw	zero,20(sp)
     1ec:	cc02                	sw	zero,24(sp)
     1ee:	ce02                	sw	zero,28(sp)
     1f0:	00011323          	sh	zero,6(sp)
     1f4:	00011523          	sh	zero,10(sp)
     1f8:	00011623          	sh	zero,12(sp)
     1fc:	4ed000ef          	jal	ra,ee8 <TIM_TimeBaseInit>
     200:	4602                	lw	a2,0(sp)
     202:	67c1                	lui	a5,0x10
     204:	06078793          	addi	a5,a5,96 # 10060 <_data_lma+0xefac>
     208:	080c                	addi	a1,sp,16
     20a:	c0040513          	addi	a0,s0,-1024
     20e:	c83e                	sw	a5,16(sp)
     210:	83f0                	sh	a2,22(sp)
     212:	00011c23          	sh	zero,24(sp)
     216:	521000ef          	jal	ra,f36 <TIM_OC4Init>
     21a:	c0040513          	addi	a0,s0,-1024
     21e:	4585                	li	a1,1
     220:	59d000ef          	jal	ra,fbc <TIM_CtrlPWMOutputs>
     224:	c0040513          	addi	a0,s0,-1024
     228:	4581                	li	a1,0
     22a:	5c3000ef          	jal	ra,fec <TIM_OC4PreloadConfig>
     22e:	c0040513          	addi	a0,s0,-1024
     232:	4585                	li	a1,1
     234:	59f000ef          	jal	ra,fd2 <TIM_ARRPreloadConfig>
     238:	4585                	li	a1,1
     23a:	c0040513          	addi	a0,s0,-1024
     23e:	567000ef          	jal	ra,fa4 <TIM_Cmd>
     242:	6105                	addi	sp,sp,32
     244:	b59d                	j	aa <__riscv_restore_0>

00000246 <toneinit>:
     246:	e5bff2ef          	jal	t0,a0 <__riscv_save_0>
     24a:	6505                	lui	a0,0x1
     24c:	1151                	addi	sp,sp,-12
     24e:	4585                	li	a1,1
     250:	81050513          	addi	a0,a0,-2032 # 810 <SysTick_Handler+0xd4>
     254:	c002                	sw	zero,0(sp)
     256:	c202                	sw	zero,4(sp)
     258:	c402                	sw	zero,8(sp)
     25a:	435000ef          	jal	ra,e8e <RCC_APB2PeriphClockCmd>
     25e:	47c1                	li	a5,16
     260:	807c                	sh	a5,0(sp)
     262:	47e1                	li	a5,24
     264:	c43e                	sw	a5,8(sp)
     266:	858a                	mv	a1,sp
     268:	478d                	li	a5,3
     26a:	40011537          	lui	a0,0x40011
     26e:	c23e                	sw	a5,4(sp)
     270:	0a7000ef          	jal	ra,b16 <GPIO_Init>
     274:	0131                	addi	sp,sp,12
     276:	bd15                	j	aa <__riscv_restore_0>

00000278 <psg_reset>:
     278:	00459713          	slli	a4,a1,0x4
     27c:	86818793          	addi	a5,gp,-1944 # 20000098 <psg_register>
     280:	e55d                	bnez	a0,32e <psg_reset+0xb6>
     282:	4641                	li	a2,16
     284:	00a706b3          	add	a3,a4,a0
     288:	96be                	add	a3,a3,a5
     28a:	00068023          	sb	zero,0(a3)
     28e:	0505                	addi	a0,a0,1
     290:	fec51ae3          	bne	a0,a2,284 <psg_reset+0xc>
     294:	973e                	add	a4,a4,a5
     296:	56fd                	li	a3,-1
     298:	b374                	sb	a3,7(a4)
     29a:	00259713          	slli	a4,a1,0x2
     29e:	81c18693          	addi	a3,gp,-2020 # 2000004c <psg_noise_interval>
     2a2:	96ba                	add	a3,a3,a4
     2a4:	863a                	mv	a2,a4
     2a6:	577d                	li	a4,-1
     2a8:	c298                	sw	a4,0(a3)
     2aa:	80818713          	addi	a4,gp,-2040 # 20000038 <psg_envelope_interval>
     2ae:	800006b7          	lui	a3,0x80000
     2b2:	37fc                	lbu	a5,15(a5)
     2b4:	9732                	add	a4,a4,a2
     2b6:	ffe6c693          	xori	a3,a3,-2
     2ba:	c314                	sw	a3,0(a4)
     2bc:	c7c1                	beqz	a5,344 <psg_reset+0xcc>
     2be:	001e87b7          	lui	a5,0x1e8
     2c2:	48078793          	addi	a5,a5,1152 # 1e8480 <_data_lma+0x1e73cc>
     2c6:	20000737          	lui	a4,0x20000
     2ca:	00f72023          	sw	a5,0(a4) # 20000000 <_data_vma>
     2ce:	00159793          	slli	a5,a1,0x1
     2d2:	95be                	add	a1,a1,a5
     2d4:	85018693          	addi	a3,gp,-1968 # 20000080 <psg_osc_interval>
     2d8:	00259793          	slli	a5,a1,0x2
     2dc:	97b6                	add	a5,a5,a3
     2de:	557d                	li	a0,-1
     2e0:	88818713          	addi	a4,gp,-1912 # 200000b8 <psg_tone_on>
     2e4:	c388                	sw	a0,0(a5)
     2e6:	00b707b3          	add	a5,a4,a1
     2ea:	00078023          	sb	zero,0(a5)
     2ee:	82418793          	addi	a5,gp,-2012 # 20000054 <psg_noise_on>
     2f2:	00b78633          	add	a2,a5,a1
     2f6:	00060023          	sb	zero,0(a2)
     2fa:	00158613          	addi	a2,a1,1
     2fe:	00261313          	slli	t1,a2,0x2
     302:	9336                	add	t1,t1,a3
     304:	00a32023          	sw	a0,0(t1)
     308:	0589                	addi	a1,a1,2
     30a:	00c70333          	add	t1,a4,a2
     30e:	963e                	add	a2,a2,a5
     310:	00060023          	sb	zero,0(a2)
     314:	00259613          	slli	a2,a1,0x2
     318:	972e                	add	a4,a4,a1
     31a:	00030023          	sb	zero,0(t1)
     31e:	96b2                	add	a3,a3,a2
     320:	95be                	add	a1,a1,a5
     322:	c288                	sw	a0,0(a3)
     324:	00070023          	sb	zero,0(a4)
     328:	00058023          	sb	zero,0(a1)
     32c:	8082                	ret
     32e:	4681                	li	a3,0
     330:	453d                	li	a0,15
     332:	00d70633          	add	a2,a4,a3
     336:	963e                	add	a2,a2,a5
     338:	00060023          	sb	zero,0(a2)
     33c:	0685                	addi	a3,a3,1
     33e:	fea69ae3          	bne	a3,a0,332 <psg_reset+0xba>
     342:	bf89                	j	294 <psg_reset+0x1c>
     344:	001b57b7          	lui	a5,0x1b5
     348:	f4c78793          	addi	a5,a5,-180 # 1b4f4c <_data_lma+0x1b3e98>
     34c:	bfad                	j	2c6 <psg_reset+0x4e>

0000034e <main>:
     34e:	d53ff2ef          	jal	t0,a0 <__riscv_save_0>
     352:	1151                	addi	sp,sp,-12
     354:	4509                	li	a0,2
     356:	c202                	sw	zero,4(sp)
     358:	c402                	sw	zero,8(sp)
     35a:	1ed000ef          	jal	ra,d46 <NVIC_PriorityGroupConfig>
     35e:	4405                	li	s0,1
     360:	20c00793          	li	a5,524
     364:	0048                	addi	a0,sp,4
     366:	827c                	sh	a5,4(sp)
     368:	c422                	sw	s0,8(sp)
     36a:	00010323          	sb	zero,6(sp)
     36e:	1df000ef          	jal	ra,d4c <NVIC_Init>
     372:	11e00793          	li	a5,286
     376:	0048                	addi	a0,sp,4
     378:	827c                	sh	a5,4(sp)
     37a:	c422                	sw	s0,8(sp)
     37c:	00010323          	sb	zero,6(sp)
     380:	1cd000ef          	jal	ra,d4c <NVIC_Init>
     384:	11f00793          	li	a5,287
     388:	0048                	addi	a0,sp,4
     38a:	827c                	sh	a5,4(sp)
     38c:	8340                	sb	s0,6(sp)
     38e:	c422                	sw	s0,8(sp)
     390:	1bd000ef          	jal	ra,d4c <NVIC_Init>
     394:	6705                	lui	a4,0x1
     396:	e000e7b7          	lui	a5,0xe000e
     39a:	10e7a023          	sw	a4,256(a5) # e000e100 <__global_pointer$+0xc000d8d0>
     39e:	e000f437          	lui	s0,0xe000f
     3a2:	405c                	lw	a5,4(s0)
     3a4:	65ad                	lui	a1,0xb
     3a6:	c4458593          	addi	a1,a1,-956 # ac44 <_data_lma+0x9b90>
     3aa:	9bf9                	andi	a5,a5,-2
     3ac:	c05c                	sw	a5,4(s0)
     3ae:	200007b7          	lui	a5,0x20000
     3b2:	0047a503          	lw	a0,4(a5) # 20000004 <SystemCoreClock>
     3b6:	648d                	lui	s1,0x3
     3b8:	03948493          	addi	s1,s1,57 # 3039 <_data_lma+0x1f85>
     3bc:	3301                	jal	bc <__udivsi3>
     3be:	157d                	addi	a0,a0,-1
     3c0:	c808                	sw	a0,16(s0)
     3c2:	47bd                	li	a5,15
     3c4:	00042423          	sw	zero,8(s0) # e000f008 <__global_pointer$+0xc000e7d8>
     3c8:	6551                	lui	a0,0x14
     3ca:	c01c                	sw	a5,0(s0)
     3cc:	02000593          	li	a1,32
     3d0:	88050513          	addi	a0,a0,-1920 # 13880 <_data_lma+0x127cc>
     3d4:	3395                	jal	138 <i2cinit>
     3d6:	3d85                	jal	246 <toneinit>
     3d8:	0ff00613          	li	a2,255
     3dc:	4581                	li	a1,0
     3de:	10000513          	li	a0,256
     3e2:	3bc5                	jal	1d2 <TIM1_PWMOut_Init>
     3e4:	4581                	li	a1,0
     3e6:	4501                	li	a0,0
     3e8:	3d41                	jal	278 <psg_reset>
     3ea:	83018413          	addi	s0,gp,-2000 # 20000060 <psg_noise_seed>
     3ee:	4585                	li	a1,1
     3f0:	4501                	li	a0,0
     3f2:	c004                	sw	s1,0(s0)
     3f4:	3551                	jal	278 <psg_reset>
     3f6:	c044                	sw	s1,4(s0)
     3f8:	89018493          	addi	s1,gp,-1904 # 200000c0 <rx_buffer>
     3fc:	91018713          	addi	a4,gp,-1776 # 20000140 <rx_read_ptr>
     400:	91118793          	addi	a5,gp,-1775 # 20000141 <rx_write_ptr>
     404:	2314                	lbu	a3,0(a4)
     406:	239c                	lbu	a5,0(a5)
     408:	0ff7f793          	andi	a5,a5,255
     40c:	fed788e3          	beq	a5,a3,3fc <main+0xae>
     410:	231c                	lbu	a5,0(a4)
     412:	2310                	lbu	a2,0(a4)
     414:	97a6                	add	a5,a5,s1
     416:	9626                	add	a2,a2,s1
     418:	239c                	lbu	a5,0(a5)
     41a:	3210                	lbu	a2,1(a2)
     41c:	91418693          	addi	a3,gp,-1772 # 20000144 <rxdata>
     420:	a29c                	sb	a5,0(a3)
     422:	b290                	sb	a2,1(a3)
     424:	2314                	lbu	a3,0(a4)
     426:	0689                	addi	a3,a3,2
     428:	0ff6f693          	andi	a3,a3,255
     42c:	a314                	sb	a3,0(a4)
     42e:	2314                	lbu	a3,0(a4)
     430:	06e2                	slli	a3,a3,0x18
     432:	86e1                	srai	a3,a3,0x18
     434:	0006d463          	bgez	a3,43c <main+0xee>
     438:	00070023          	sb	zero,0(a4) # 1000 <TIM_OC4PreloadConfig+0x14>
     43c:	477d                	li	a4,31
     43e:	00f76663          	bltu	a4,a5,44a <main+0xfc>
     442:	86818713          	addi	a4,gp,-1944 # 20000098 <psg_register>
     446:	973e                	add	a4,a4,a5
     448:	a310                	sb	a2,0(a4)
     44a:	0047d413          	srli	s0,a5,0x4
     44e:	4705                	li	a4,1
     450:	fa8766e3          	bltu	a4,s0,3fc <main+0xae>
     454:	8bbd                	andi	a5,a5,15
     456:	6705                	lui	a4,0x1
     458:	078a                	slli	a5,a5,0x2
     45a:	00470713          	addi	a4,a4,4 # 1004 <TIM_OC4PreloadConfig+0x18>
     45e:	97ba                	add	a5,a5,a4
     460:	439c                	lw	a5,0(a5)
     462:	8782                	jr	a5
     464:	00441713          	slli	a4,s0,0x4
     468:	86818793          	addi	a5,gp,-1944 # 20000098 <psg_register>
     46c:	97ba                	add	a5,a5,a4
     46e:	3398                	lbu	a4,1(a5)
     470:	6585                	lui	a1,0x1
     472:	f0058593          	addi	a1,a1,-256 # f00 <TIM_TimeBaseInit+0x18>
     476:	0722                	slli	a4,a4,0x8
     478:	8f6d                	and	a4,a4,a1
     47a:	238c                	lbu	a1,0(a5)
     47c:	200007b7          	lui	a5,0x20000
     480:	0007a503          	lw	a0,0(a5) # 20000000 <_data_vma>
     484:	95ba                	add	a1,a1,a4
     486:	391d                	jal	bc <__udivsi3>
     488:	00141713          	slli	a4,s0,0x1
     48c:	943a                	add	s0,s0,a4
     48e:	00455593          	srli	a1,a0,0x4
     492:	85018793          	addi	a5,gp,-1968 # 20000080 <psg_osc_interval>
     496:	040a                	slli	s0,s0,0x2
     498:	0e058763          	beqz	a1,586 <main+0x238>
     49c:	05f5e537          	lui	a0,0x5f5e
     4a0:	97a2                	add	a5,a5,s0
     4a2:	10050513          	addi	a0,a0,256 # 5f5e100 <_data_lma+0x5f5d04c>
     4a6:	c03e                	sw	a5,0(sp)
     4a8:	3911                	jal	bc <__udivsi3>
     4aa:	4782                	lw	a5,0(sp)
     4ac:	c388                	sw	a0,0(a5)
     4ae:	83818793          	addi	a5,gp,-1992 # 20000068 <psg_osc_counter>
     4b2:	97a2                	add	a5,a5,s0
     4b4:	0007a023          	sw	zero,0(a5)
     4b8:	b791                	j	3fc <main+0xae>
     4ba:	00441713          	slli	a4,s0,0x4
     4be:	86818793          	addi	a5,gp,-1944 # 20000098 <psg_register>
     4c2:	97ba                	add	a5,a5,a4
     4c4:	33b8                	lbu	a4,3(a5)
     4c6:	6585                	lui	a1,0x1
     4c8:	f0058593          	addi	a1,a1,-256 # f00 <TIM_TimeBaseInit+0x18>
     4cc:	0722                	slli	a4,a4,0x8
     4ce:	8f6d                	and	a4,a4,a1
     4d0:	23ac                	lbu	a1,2(a5)
     4d2:	200007b7          	lui	a5,0x20000
     4d6:	0007a503          	lw	a0,0(a5) # 20000000 <_data_vma>
     4da:	95ba                	add	a1,a1,a4
     4dc:	36c5                	jal	bc <__udivsi3>
     4de:	00141793          	slli	a5,s0,0x1
     4e2:	943e                	add	s0,s0,a5
     4e4:	00455593          	srli	a1,a0,0x4
     4e8:	0405                	addi	s0,s0,1
     4ea:	85018793          	addi	a5,gp,-1968 # 20000080 <psg_osc_interval>
     4ee:	040a                	slli	s0,s0,0x2
     4f0:	c9a9                	beqz	a1,542 <main+0x1f4>
     4f2:	05f5e537          	lui	a0,0x5f5e
     4f6:	97a2                	add	a5,a5,s0
     4f8:	10050513          	addi	a0,a0,256 # 5f5e100 <_data_lma+0x5f5d04c>
     4fc:	c03e                	sw	a5,0(sp)
     4fe:	3e7d                	jal	bc <__udivsi3>
     500:	4782                	lw	a5,0(sp)
     502:	c388                	sw	a0,0(a5)
     504:	83818793          	addi	a5,gp,-1992 # 20000068 <psg_osc_counter>
     508:	943e                	add	s0,s0,a5
     50a:	00042023          	sw	zero,0(s0)
     50e:	b5fd                	j	3fc <main+0xae>
     510:	00441713          	slli	a4,s0,0x4
     514:	86818793          	addi	a5,gp,-1944 # 20000098 <psg_register>
     518:	97ba                	add	a5,a5,a4
     51a:	33d8                	lbu	a4,5(a5)
     51c:	6585                	lui	a1,0x1
     51e:	f0058593          	addi	a1,a1,-256 # f00 <TIM_TimeBaseInit+0x18>
     522:	0722                	slli	a4,a4,0x8
     524:	8f6d                	and	a4,a4,a1
     526:	23cc                	lbu	a1,4(a5)
     528:	200007b7          	lui	a5,0x20000
     52c:	0007a503          	lw	a0,0(a5) # 20000000 <_data_vma>
     530:	95ba                	add	a1,a1,a4
     532:	3669                	jal	bc <__udivsi3>
     534:	00141793          	slli	a5,s0,0x1
     538:	943e                	add	s0,s0,a5
     53a:	00455593          	srli	a1,a0,0x4
     53e:	0409                	addi	s0,s0,2
     540:	b76d                	j	4ea <main+0x19c>
     542:	943e                	add	s0,s0,a5
     544:	57fd                	li	a5,-1
     546:	c01c                	sw	a5,0(s0)
     548:	bd55                	j	3fc <main+0xae>
     54a:	00441713          	slli	a4,s0,0x4
     54e:	86818793          	addi	a5,gp,-1944 # 20000098 <psg_register>
     552:	97ba                	add	a5,a5,a4
     554:	23ec                	lbu	a1,6(a5)
     556:	200007b7          	lui	a5,0x20000
     55a:	0007a503          	lw	a0,0(a5) # 20000000 <_data_vma>
     55e:	89fd                	andi	a1,a1,31
     560:	040a                	slli	s0,s0,0x2
     562:	3ea9                	jal	bc <__udivsi3>
     564:	00455593          	srli	a1,a0,0x4
     568:	81c18793          	addi	a5,gp,-2020 # 2000004c <psg_noise_interval>
     56c:	cd89                	beqz	a1,586 <main+0x238>
     56e:	05f5e537          	lui	a0,0x5f5e
     572:	97a2                	add	a5,a5,s0
     574:	10050513          	addi	a0,a0,256 # 5f5e100 <_data_lma+0x5f5d04c>
     578:	c03e                	sw	a5,0(sp)
     57a:	3689                	jal	bc <__udivsi3>
     57c:	4782                	lw	a5,0(sp)
     57e:	c388                	sw	a0,0(a5)
     580:	81418793          	addi	a5,gp,-2028 # 20000044 <psg_noise_counter>
     584:	b73d                	j	4b2 <main+0x164>
     586:	97a2                	add	a5,a5,s0
     588:	577d                	li	a4,-1
     58a:	c398                	sw	a4,0(a5)
     58c:	bd85                	j	3fc <main+0xae>
     58e:	00441713          	slli	a4,s0,0x4
     592:	86818793          	addi	a5,gp,-1944 # 20000098 <psg_register>
     596:	97ba                	add	a5,a5,a4
     598:	33fc                	lbu	a5,7(a5)
     59a:	00141713          	slli	a4,s0,0x1
     59e:	943a                	add	s0,s0,a4
     5a0:	88818713          	addi	a4,gp,-1912 # 200000b8 <psg_tone_on>
     5a4:	fff7c693          	not	a3,a5
     5a8:	00870633          	add	a2,a4,s0
     5ac:	8a85                	andi	a3,a3,1
     5ae:	a214                	sb	a3,0(a2)
     5b0:	0017d693          	srli	a3,a5,0x1
     5b4:	00140593          	addi	a1,s0,1
     5b8:	0016c693          	xori	a3,a3,1
     5bc:	00b70633          	add	a2,a4,a1
     5c0:	8a85                	andi	a3,a3,1
     5c2:	a214                	sb	a3,0(a2)
     5c4:	0027d693          	srli	a3,a5,0x2
     5c8:	00240613          	addi	a2,s0,2
     5cc:	0016c693          	xori	a3,a3,1
     5d0:	9732                	add	a4,a4,a2
     5d2:	8a85                	andi	a3,a3,1
     5d4:	a314                	sb	a3,0(a4)
     5d6:	0037d693          	srli	a3,a5,0x3
     5da:	82418713          	addi	a4,gp,-2012 # 20000054 <psg_noise_on>
     5de:	0016c693          	xori	a3,a3,1
     5e2:	943a                	add	s0,s0,a4
     5e4:	8a85                	andi	a3,a3,1
     5e6:	a014                	sb	a3,0(s0)
     5e8:	0047d693          	srli	a3,a5,0x4
     5ec:	0016c693          	xori	a3,a3,1
     5f0:	8395                	srli	a5,a5,0x5
     5f2:	95ba                	add	a1,a1,a4
     5f4:	8a85                	andi	a3,a3,1
     5f6:	0017c793          	xori	a5,a5,1
     5fa:	a194                	sb	a3,0(a1)
     5fc:	9732                	add	a4,a4,a2
     5fe:	8b85                	andi	a5,a5,1
     600:	a31c                	sb	a5,0(a4)
     602:	bbed                	j	3fc <main+0xae>
     604:	200007b7          	lui	a5,0x20000
     608:	0007a503          	lw	a0,0(a5) # 20000000 <_data_vma>
     60c:	00441713          	slli	a4,s0,0x4
     610:	86818793          	addi	a5,gp,-1944 # 20000098 <psg_register>
     614:	97ba                	add	a5,a5,a4
     616:	27cc                	lbu	a1,12(a5)
     618:	37bc                	lbu	a5,11(a5)
     61a:	040a                	slli	s0,s0,0x2
     61c:	05a2                	slli	a1,a1,0x8
     61e:	95be                	add	a1,a1,a5
     620:	80818793          	addi	a5,gp,-2040 # 20000038 <psg_envelope_interval>
     624:	00b56d63          	bltu	a0,a1,63e <main+0x2f0>
     628:	943e                	add	s0,s0,a5
     62a:	3c49                	jal	bc <__udivsi3>
     62c:	85aa                	mv	a1,a0
     62e:	05f5e537          	lui	a0,0x5f5e
     632:	10050513          	addi	a0,a0,256 # 5f5e100 <_data_lma+0x5f5d04c>
     636:	3459                	jal	bc <__udivsi3>
     638:	0516                	slli	a0,a0,0x5
     63a:	c008                	sw	a0,0(s0)
     63c:	b3c1                	j	3fc <main+0xae>
     63e:	80000737          	lui	a4,0x80000
     642:	97a2                	add	a5,a5,s0
     644:	ffe74713          	xori	a4,a4,-2
     648:	b789                	j	58a <main+0x23c>
     64a:	00241793          	slli	a5,s0,0x2
     64e:	20000437          	lui	s0,0x20000
     652:	03040413          	addi	s0,s0,48 # 20000030 <_edata>
     656:	bd4d                	j	508 <main+0x1ba>
     658:	85a2                	mv	a1,s0
     65a:	4505                	li	a0,1
     65c:	3931                	jal	278 <psg_reset>
     65e:	bb79                	j	3fc <main+0xae>

00000660 <I2C1_EV_IRQHandler>:
     660:	1151                	addi	sp,sp,-12
     662:	c422                	sw	s0,8(sp)
     664:	020007b7          	lui	a5,0x2000
     668:	40005437          	lui	s0,0x40005
     66c:	00278593          	addi	a1,a5,2 # 2000002 <_data_lma+0x1ffef4e>
     670:	40040513          	addi	a0,s0,1024 # 40005400 <__global_pointer$+0x20004bd0>
     674:	c226                	sw	s1,4(sp)
     676:	2d45                	jal	d26 <I2C_GetITStatus>
     678:	4485                	li	s1,1
     67a:	00951b63          	bne	a0,s1,690 <I2C1_EV_IRQHandler+0x30>
     67e:	90018b23          	sb	zero,-1770(gp) # 20000146 <rxstatus>
     682:	41845783          	lhu	a5,1048(s0)
     686:	4422                	lw	s0,8(sp)
     688:	4492                	lw	s1,4(sp)
     68a:	0131                	addi	sp,sp,12
     68c:	30200073          	mret
     690:	060005b7          	lui	a1,0x6000
     694:	04058593          	addi	a1,a1,64 # 6000040 <_data_lma+0x5ffef8c>
     698:	40040513          	addi	a0,s0,1024
     69c:	2569                	jal	d26 <I2C_GetITStatus>
     69e:	06951163          	bne	a0,s1,700 <I2C1_EV_IRQHandler+0xa0>
     6a2:	91618793          	addi	a5,gp,-1770 # 20000146 <rxstatus>
     6a6:	239c                	lbu	a5,0(a5)
     6a8:	91618493          	addi	s1,gp,-1770 # 20000146 <rxstatus>
     6ac:	fcf56de3          	bltu	a0,a5,686 <I2C1_EV_IRQHandler+0x26>
     6b0:	91118793          	addi	a5,gp,-1775 # 20000141 <rx_write_ptr>
     6b4:	2394                	lbu	a3,0(a5)
     6b6:	2098                	lbu	a4,0(s1)
     6b8:	40040513          	addi	a0,s0,1024
     6bc:	96ba                	add	a3,a3,a4
     6be:	c036                	sw	a3,0(sp)
     6c0:	2db9                	jal	d1e <I2C_ReceiveData>
     6c2:	4682                	lw	a3,0(sp)
     6c4:	89018713          	addi	a4,gp,-1904 # 200000c0 <rx_buffer>
     6c8:	9736                	add	a4,a4,a3
     6ca:	a308                	sb	a0,0(a4)
     6cc:	2098                	lbu	a4,0(s1)
     6ce:	4689                	li	a3,2
     6d0:	0705                	addi	a4,a4,1
     6d2:	0ff77713          	andi	a4,a4,255
     6d6:	a098                	sb	a4,0(s1)
     6d8:	2098                	lbu	a4,0(s1)
     6da:	91118793          	addi	a5,gp,-1775 # 20000141 <rx_write_ptr>
     6de:	fae694e3          	bne	a3,a4,686 <I2C1_EV_IRQHandler+0x26>
     6e2:	2398                	lbu	a4,0(a5)
     6e4:	0709                	addi	a4,a4,2
     6e6:	0ff77713          	andi	a4,a4,255
     6ea:	a398                	sb	a4,0(a5)
     6ec:	2398                	lbu	a4,0(a5)
     6ee:	0762                	slli	a4,a4,0x18
     6f0:	8761                	srai	a4,a4,0x18
     6f2:	00075463          	bgez	a4,6fa <I2C1_EV_IRQHandler+0x9a>
     6f6:	00078023          	sb	zero,0(a5)
     6fa:	00048023          	sb	zero,0(s1)
     6fe:	b761                	j	686 <I2C1_EV_IRQHandler+0x26>
     700:	020007b7          	lui	a5,0x2000
     704:	01078593          	addi	a1,a5,16 # 2000010 <_data_lma+0x1ffef5c>
     708:	40040513          	addi	a0,s0,1024
     70c:	2d29                	jal	d26 <I2C_GetITStatus>
     70e:	f6951ce3          	bne	a0,s1,686 <I2C1_EV_IRQHandler+0x26>
     712:	40045703          	lhu	a4,1024(s0)
     716:	40045783          	lhu	a5,1024(s0)
     71a:	8ff9                	and	a5,a5,a4
     71c:	40f41023          	sh	a5,1024(s0)
     720:	b79d                	j	686 <I2C1_EV_IRQHandler+0x26>

00000722 <I2C1_ER_IRQHandler>:
     722:	40005537          	lui	a0,0x40005
     726:	40050513          	addi	a0,a0,1024 # 40005400 <__global_pointer$+0x20004bd0>
     72a:	21c9                	jal	bec <I2C_DeInit>
     72c:	6551                	lui	a0,0x14
     72e:	02000593          	li	a1,32
     732:	88050513          	addi	a0,a0,-1920 # 13880 <_data_lma+0x127cc>
     736:	3409                	jal	138 <i2cinit>
     738:	30200073          	mret

0000073c <SysTick_Handler>:
     73c:	8101d703          	lhu	a4,-2032(gp) # 20000040 <psg_master_volume>
     740:	fc410113          	addi	sp,sp,-60
     744:	400137b7          	lui	a5,0x40013
     748:	dc22                	sw	s0,56(sp)
     74a:	da26                	sw	s1,52(sp)
     74c:	c4e7a023          	sw	a4,-960(a5) # 40012c40 <__global_pointer$+0x20012410>
     750:	81018793          	addi	a5,gp,-2032 # 20000040 <psg_master_volume>
     754:	cc3e                	sw	a5,24(sp)
     756:	6785                	lui	a5,0x1
     758:	8db78793          	addi	a5,a5,-1829 # 8db <SysTick_Handler+0x19f>
     75c:	c03e                	sw	a5,0(sp)
     75e:	81c18793          	addi	a5,gp,-2020 # 2000004c <psg_noise_interval>
     762:	c23e                	sw	a5,4(sp)
     764:	83018793          	addi	a5,gp,-2000 # 20000060 <psg_noise_seed>
     768:	81418613          	addi	a2,gp,-2028 # 20000044 <psg_noise_counter>
     76c:	82418693          	addi	a3,gp,-2012 # 20000054 <psg_noise_on>
     770:	1078                	addi	a4,sp,44
     772:	82c18513          	addi	a0,gp,-2004 # 2000005c <psg_noise_output>
     776:	4301                	li	t1,0
     778:	c43e                	sw	a5,8(sp)
     77a:	420c                	lw	a1,0(a2)
     77c:	4782                	lw	a5,0(sp)
     77e:	95be                	add	a1,a1,a5
     780:	4792                	lw	a5,4(sp)
     782:	c20c                	sw	a1,0(a2)
     784:	979a                	add	a5,a5,t1
     786:	0007a383          	lw	t2,0(a5)
     78a:	02b3fb63          	bgeu	t2,a1,7c0 <SysTick_Handler+0x84>
     78e:	47a2                	lw	a5,8(sp)
     790:	407585b3          	sub	a1,a1,t2
     794:	c20c                	sw	a1,0(a2)
     796:	00678433          	add	s0,a5,t1
     79a:	00042283          	lw	t0,0(s0)
     79e:	01029493          	slli	s1,t0,0x10
     7a2:	00e29793          	slli	a5,t0,0xe
     7a6:	8fa5                	xor	a5,a5,s1
     7a8:	64c1                	lui	s1,0x10
     7aa:	8fe5                	and	a5,a5,s1
     7ac:	0012d293          	srli	t0,t0,0x1
     7b0:	0057e2b3          	or	t0,a5,t0
     7b4:	00542023          	sw	t0,0(s0)
     7b8:	0012f293          	andi	t0,t0,1
     7bc:	00550023          	sb	t0,0(a0)
     7c0:	211c                	lbu	a5,0(a0)
     7c2:	cfb5                	beqz	a5,83e <SysTick_Handler+0x102>
     7c4:	229c                	lbu	a5,0(a3)
     7c6:	a31c                	sb	a5,0(a4)
     7c8:	329c                	lbu	a5,1(a3)
     7ca:	b31c                	sb	a5,1(a4)
     7cc:	22bc                	lbu	a5,2(a3)
     7ce:	a33c                	sb	a5,2(a4)
     7d0:	0311                	addi	t1,t1,4
     7d2:	47a1                	li	a5,8
     7d4:	0611                	addi	a2,a2,4
     7d6:	068d                	addi	a3,a3,3
     7d8:	070d                	addi	a4,a4,3
     7da:	0505                	addi	a0,a0,1
     7dc:	f8f31fe3          	bne	t1,a5,77a <SysTick_Handler+0x3e>
     7e0:	86818713          	addi	a4,gp,-1944 # 20000098 <psg_register>
     7e4:	86818793          	addi	a5,gp,-1944 # 20000098 <psg_register>
     7e8:	c43e                	sw	a5,8(sp)
     7ea:	6785                	lui	a5,0x1
     7ec:	8db78793          	addi	a5,a5,-1829 # 8db <SysTick_Handler+0x19f>
     7f0:	c83a                	sw	a4,16(sp)
     7f2:	c23e                	sw	a5,4(sp)
     7f4:	6785                	lui	a5,0x1
     7f6:	20000437          	lui	s0,0x20000
     7fa:	80818713          	addi	a4,gp,-2040 # 20000038 <psg_envelope_interval>
     7fe:	04478793          	addi	a5,a5,68 # 1044 <TIM_OC4PreloadConfig+0x58>
     802:	03040413          	addi	s0,s0,48 # 20000030 <_edata>
     806:	c63a                	sw	a4,12(sp)
     808:	ca02                	sw	zero,20(sp)
     80a:	ce3e                	sw	a5,28(sp)
     80c:	47d2                	lw	a5,20(sp)
     80e:	1018                	addi	a4,sp,32
     810:	4004                	lw	s1,0(s0)
     812:	97ba                	add	a5,a5,a4
     814:	00078023          	sb	zero,0(a5)
     818:	c03e                	sw	a5,0(sp)
     81a:	47b2                	lw	a5,12(sp)
     81c:	438c                	lw	a1,0(a5)
     81e:	47a2                	lw	a5,8(sp)
     820:	00559713          	slli	a4,a1,0x5
     824:	37d4                	lbu	a3,13(a5)
     826:	47ad                	li	a5,11
     828:	8abd                	andi	a3,a3,15
     82a:	16f1                	addi	a3,a3,-4
     82c:	0ff6f693          	andi	a3,a3,255
     830:	02d7e163          	bltu	a5,a3,852 <SysTick_Handler+0x116>
     834:	47f2                	lw	a5,28(sp)
     836:	068a                	slli	a3,a3,0x2
     838:	96be                	add	a3,a3,a5
     83a:	4294                	lw	a3,0(a3)
     83c:	8682                	jr	a3
     83e:	00070023          	sb	zero,0(a4) # 80000000 <__global_pointer$+0x5ffff7d0>
     842:	000700a3          	sb	zero,1(a4)
     846:	00070123          	sb	zero,2(a4)
     84a:	b759                	j	7d0 <SysTick_Handler+0x94>
     84c:	4785                	li	a5,1
     84e:	ca3e                	sw	a5,20(sp)
     850:	bf75                	j	80c <SysTick_Handler+0xd0>
     852:	02e4f763          	bgeu	s1,a4,880 <SysTick_Handler+0x144>
     856:	8526                	mv	a0,s1
     858:	865ff0ef          	jal	ra,bc <__udivsi3>
     85c:	477d                	li	a4,31
     85e:	40a70533          	sub	a0,a4,a0
     862:	a219                	j	968 <SysTick_Handler+0x22c>
     864:	00e4fe63          	bgeu	s1,a4,880 <SysTick_Handler+0x144>
     868:	8526                	mv	a0,s1
     86a:	853ff0ef          	jal	ra,bc <__udivsi3>
     86e:	a8ed                	j	968 <SysTick_Handler+0x22c>
     870:	fee4e3e3          	bltu	s1,a4,856 <SysTick_Handler+0x11a>
     874:	40e487b3          	sub	a5,s1,a4
     878:	c01c                	sw	a5,0(s0)
     87a:	4702                	lw	a4,0(sp)
     87c:	47fd                	li	a5,31
     87e:	a31c                	sb	a5,0(a4)
     880:	47a2                	lw	a5,8(sp)
     882:	0411                	addi	s0,s0,4
     884:	078d                	addi	a5,a5,3
     886:	c43e                	sw	a5,8(sp)
     888:	47b2                	lw	a5,12(sp)
     88a:	0791                	addi	a5,a5,4
     88c:	c63e                	sw	a5,12(sp)
     88e:	47d2                	lw	a5,20(sp)
     890:	dfd5                	beqz	a5,84c <SysTick_Handler+0x110>
     892:	6505                	lui	a0,0x1
     894:	83818693          	addi	a3,gp,-1992 # 20000068 <psg_osc_counter>
     898:	85018613          	addi	a2,gp,-1968 # 20000080 <psg_osc_interval>
     89c:	4781                	li	a5,0
     89e:	8db50513          	addi	a0,a0,-1829 # 8db <SysTick_Handler+0x19f>
     8a2:	88818593          	addi	a1,gp,-1912 # 200000b8 <psg_tone_on>
     8a6:	4319                	li	t1,6
     8a8:	4298                	lw	a4,0(a3)
     8aa:	00062283          	lw	t0,0(a2)
     8ae:	972a                	add	a4,a4,a0
     8b0:	c298                	sw	a4,0(a3)
     8b2:	0012d393          	srli	t2,t0,0x1
     8b6:	0e777663          	bgeu	a4,t2,9a2 <SysTick_Handler+0x266>
     8ba:	00f582b3          	add	t0,a1,a5
     8be:	0002c283          	lbu	t0,0(t0)
     8c2:	1058                	addi	a4,sp,36
     8c4:	973e                	add	a4,a4,a5
     8c6:	00570023          	sb	t0,0(a4)
     8ca:	0785                	addi	a5,a5,1
     8cc:	0691                	addi	a3,a3,4
     8ce:	0611                	addi	a2,a2,4
     8d0:	fc679ce3          	bne	a5,t1,8a8 <SysTick_Handler+0x16c>
     8d4:	6585                	lui	a1,0x1
     8d6:	1018                	addi	a4,sp,32
     8d8:	460d                	li	a2,3
     8da:	4501                	li	a0,0
     8dc:	07458593          	addi	a1,a1,116 # 1074 <psg_volume>
     8e0:	42a5                	li	t0,9
     8e2:	4342                	lw	t1,16(sp)
     8e4:	ffd60693          	addi	a3,a2,-3
     8e8:	105c                	addi	a5,sp,36
     8ea:	1060                	addi	s0,sp,44
     8ec:	97b6                	add	a5,a5,a3
     8ee:	00d403b3          	add	t2,s0,a3
     8f2:	239c                	lbu	a5,0(a5)
     8f4:	0003c383          	lbu	t2,0(t2)
     8f8:	979e                	add	a5,a5,t2
     8fa:	cf91                	beqz	a5,916 <SysTick_Handler+0x1da>
     8fc:	00834783          	lbu	a5,8(t1)
     900:	0107f393          	andi	t2,a5,16
     904:	0a039a63          	bnez	t2,9b8 <SysTick_Handler+0x27c>
     908:	8bbd                	andi	a5,a5,15
     90a:	078a                	slli	a5,a5,0x2
     90c:	97ae                	add	a5,a5,a1
     90e:	23be                	lhu	a5,2(a5)
     910:	953e                	add	a0,a0,a5
     912:	0542                	slli	a0,a0,0x10
     914:	8141                	srli	a0,a0,0x10
     916:	0685                	addi	a3,a3,1
     918:	0305                	addi	t1,t1,1
     91a:	fcd617e3          	bne	a2,a3,8e8 <SysTick_Handler+0x1ac>
     91e:	47c2                	lw	a5,16(sp)
     920:	060d                	addi	a2,a2,3
     922:	0705                	addi	a4,a4,1
     924:	07c1                	addi	a5,a5,16
     926:	c83e                	sw	a5,16(sp)
     928:	fa561de3          	bne	a2,t0,8e2 <SysTick_Handler+0x1a6>
     92c:	5ff00793          	li	a5,1535
     930:	08a7e963          	bltu	a5,a0,9c2 <SysTick_Handler+0x286>
     934:	4599                	li	a1,6
     936:	f86ff0ef          	jal	ra,bc <__udivsi3>
     93a:	47e2                	lw	a5,24(sp)
     93c:	a38a                	sh	a0,0(a5)
     93e:	5462                	lw	s0,56(sp)
     940:	e000f7b7          	lui	a5,0xe000f
     944:	43d8                	lw	a4,4(a5)
     946:	0007a223          	sw	zero,4(a5) # e000f004 <__global_pointer$+0xc000e7d4>
     94a:	54d2                	lw	s1,52(sp)
     94c:	03c10113          	addi	sp,sp,60
     950:	30200073          	mret
     954:	f0e4e1e3          	bltu	s1,a4,856 <SysTick_Handler+0x11a>
     958:	00659713          	slli	a4,a1,0x6
     95c:	f0e4fce3          	bgeu	s1,a4,874 <SysTick_Handler+0x138>
     960:	8526                	mv	a0,s1
     962:	f5aff0ef          	jal	ra,bc <__udivsi3>
     966:	1501                	addi	a0,a0,-32
     968:	4782                	lw	a5,0(sp)
     96a:	a388                	sb	a0,0(a5)
     96c:	4792                	lw	a5,4(sp)
     96e:	97a6                	add	a5,a5,s1
     970:	c01c                	sw	a5,0(s0)
     972:	b739                	j	880 <SysTick_Handler+0x144>
     974:	f0e4f3e3          	bgeu	s1,a4,87a <SysTick_Handler+0x13e>
     978:	bdf9                	j	856 <SysTick_Handler+0x11a>
     97a:	eee4e7e3          	bltu	s1,a4,868 <SysTick_Handler+0x12c>
     97e:	40e487b3          	sub	a5,s1,a4
     982:	b7fd                	j	970 <SysTick_Handler+0x234>
     984:	eee4fbe3          	bgeu	s1,a4,87a <SysTick_Handler+0x13e>
     988:	b5c5                	j	868 <SysTick_Handler+0x12c>
     98a:	ece4efe3          	bltu	s1,a4,868 <SysTick_Handler+0x12c>
     98e:	00659713          	slli	a4,a1,0x6
     992:	fee4f6e3          	bgeu	s1,a4,97e <SysTick_Handler+0x242>
     996:	8526                	mv	a0,s1
     998:	f24ff0ef          	jal	ra,bc <__udivsi3>
     99c:	03f00713          	li	a4,63
     9a0:	bd7d                	j	85e <SysTick_Handler+0x122>
     9a2:	00e2f663          	bgeu	t0,a4,9ae <SysTick_Handler+0x272>
     9a6:	40570733          	sub	a4,a4,t0
     9aa:	c298                	sw	a4,0(a3)
     9ac:	b739                	j	8ba <SysTick_Handler+0x17e>
     9ae:	1058                	addi	a4,sp,36
     9b0:	973e                	add	a4,a4,a5
     9b2:	00070023          	sb	zero,0(a4)
     9b6:	bf11                	j	8ca <SysTick_Handler+0x18e>
     9b8:	231c                	lbu	a5,0(a4)
     9ba:	0786                	slli	a5,a5,0x1
     9bc:	97ae                	add	a5,a5,a1
     9be:	239e                	lhu	a5,0(a5)
     9c0:	bf81                	j	910 <SysTick_Handler+0x1d4>
     9c2:	4762                	lw	a4,24(sp)
     9c4:	0ff00793          	li	a5,255
     9c8:	a31e                	sh	a5,0(a4)
     9ca:	bf95                	j	93e <SysTick_Handler+0x202>

000009cc <SystemInit>:
     9cc:	400217b7          	lui	a5,0x40021
     9d0:	4398                	lw	a4,0(a5)
     9d2:	fcff06b7          	lui	a3,0xfcff0
     9d6:	00176713          	ori	a4,a4,1
     9da:	c398                	sw	a4,0(a5)
     9dc:	43d8                	lw	a4,4(a5)
     9de:	8f75                	and	a4,a4,a3
     9e0:	c3d8                	sw	a4,4(a5)
     9e2:	4398                	lw	a4,0(a5)
     9e4:	fef706b7          	lui	a3,0xfef70
     9e8:	16fd                	addi	a3,a3,-1
     9ea:	8f75                	and	a4,a4,a3
     9ec:	c398                	sw	a4,0(a5)
     9ee:	4398                	lw	a4,0(a5)
     9f0:	fffc06b7          	lui	a3,0xfffc0
     9f4:	16fd                	addi	a3,a3,-1
     9f6:	8f75                	and	a4,a4,a3
     9f8:	c398                	sw	a4,0(a5)
     9fa:	43d4                	lw	a3,4(a5)
     9fc:	7741                	lui	a4,0xffff0
     9fe:	177d                	addi	a4,a4,-1
     a00:	8ef9                	and	a3,a3,a4
     a02:	c3d4                	sw	a3,4(a5)
     a04:	009f06b7          	lui	a3,0x9f0
     a08:	c794                	sw	a3,8(a5)
     a0a:	400226b7          	lui	a3,0x40022
     a0e:	4290                	lw	a2,0(a3)
     a10:	9a71                	andi	a2,a2,-4
     a12:	c290                	sw	a2,0(a3)
     a14:	4290                	lw	a2,0(a3)
     a16:	00166613          	ori	a2,a2,1
     a1a:	c290                	sw	a2,0(a3)
     a1c:	43d4                	lw	a3,4(a5)
     a1e:	c3d4                	sw	a3,4(a5)
     a20:	43d4                	lw	a3,4(a5)
     a22:	8f75                	and	a4,a4,a3
     a24:	c3d8                	sw	a4,4(a5)
     a26:	43d8                	lw	a4,4(a5)
     a28:	010006b7          	lui	a3,0x1000
     a2c:	c3d8                	sw	a4,4(a5)
     a2e:	4398                	lw	a4,0(a5)
     a30:	8f55                	or	a4,a4,a3
     a32:	c398                	sw	a4,0(a5)
     a34:	4398                	lw	a4,0(a5)
     a36:	00671693          	slli	a3,a4,0x6
     a3a:	fe06dde3          	bgez	a3,a34 <SystemInit+0x68>
     a3e:	43d8                	lw	a4,4(a5)
     a40:	400216b7          	lui	a3,0x40021
     a44:	9b71                	andi	a4,a4,-4
     a46:	c3d8                	sw	a4,4(a5)
     a48:	43d8                	lw	a4,4(a5)
     a4a:	00276713          	ori	a4,a4,2
     a4e:	c3d8                	sw	a4,4(a5)
     a50:	4721                	li	a4,8
     a52:	42dc                	lw	a5,4(a3)
     a54:	8bb1                	andi	a5,a5,12
     a56:	fee79ee3          	bne	a5,a4,a52 <SystemInit+0x86>
     a5a:	8082                	ret
     a5c:	a001                	j	a5c <SystemInit+0x90>
     a5e:	a001                	j	a5e <SystemInit+0x92>
     a60:	a001                	j	a60 <SystemInit+0x94>

00000a62 <SW_Handler>:
     a62:	a001                	j	a62 <SW_Handler>

00000a64 <WWDG_IRQHandler>:
     a64:	a001                	j	a64 <WWDG_IRQHandler>

00000a66 <PVD_IRQHandler>:
     a66:	a001                	j	a66 <PVD_IRQHandler>

00000a68 <FLASH_IRQHandler>:
     a68:	a001                	j	a68 <FLASH_IRQHandler>

00000a6a <RCC_IRQHandler>:
     a6a:	a001                	j	a6a <RCC_IRQHandler>

00000a6c <EXTI7_0_IRQHandler>:
     a6c:	a001                	j	a6c <EXTI7_0_IRQHandler>

00000a6e <AWU_IRQHandler>:
     a6e:	a001                	j	a6e <AWU_IRQHandler>

00000a70 <DMA1_Channel1_IRQHandler>:
     a70:	a001                	j	a70 <DMA1_Channel1_IRQHandler>

00000a72 <DMA1_Channel2_IRQHandler>:
     a72:	a001                	j	a72 <DMA1_Channel2_IRQHandler>

00000a74 <DMA1_Channel3_IRQHandler>:
     a74:	a001                	j	a74 <DMA1_Channel3_IRQHandler>

00000a76 <DMA1_Channel4_IRQHandler>:
     a76:	a001                	j	a76 <DMA1_Channel4_IRQHandler>

00000a78 <DMA1_Channel5_IRQHandler>:
     a78:	a001                	j	a78 <DMA1_Channel5_IRQHandler>

00000a7a <DMA1_Channel6_IRQHandler>:
     a7a:	a001                	j	a7a <DMA1_Channel6_IRQHandler>

00000a7c <DMA1_Channel7_IRQHandler>:
     a7c:	a001                	j	a7c <DMA1_Channel7_IRQHandler>

00000a7e <ADC1_IRQHandler>:
     a7e:	a001                	j	a7e <ADC1_IRQHandler>
     a80:	a001                	j	a80 <ADC1_IRQHandler+0x2>
     a82:	a001                	j	a82 <ADC1_IRQHandler+0x4>

00000a84 <USART1_IRQHandler>:
     a84:	a001                	j	a84 <USART1_IRQHandler>

00000a86 <SPI1_IRQHandler>:
     a86:	a001                	j	a86 <SPI1_IRQHandler>

00000a88 <TIM1_BRK_IRQHandler>:
     a88:	a001                	j	a88 <TIM1_BRK_IRQHandler>

00000a8a <TIM1_UP_IRQHandler>:
     a8a:	a001                	j	a8a <TIM1_UP_IRQHandler>

00000a8c <TIM1_TRG_COM_IRQHandler>:
     a8c:	a001                	j	a8c <TIM1_TRG_COM_IRQHandler>

00000a8e <TIM1_CC_IRQHandler>:
     a8e:	a001                	j	a8e <TIM1_CC_IRQHandler>

00000a90 <TIM2_IRQHandler>:
     a90:	a001                	j	a90 <TIM2_IRQHandler>

00000a92 <handle_reset>:
     a92:	20000197          	auipc	gp,0x20000
     a96:	d9e18193          	addi	gp,gp,-610 # 20000830 <__global_pointer$>
     a9a:	fd018113          	addi	sp,gp,-48 # 20000800 <_eusrstack>
     a9e:	00000517          	auipc	a0,0x0
     aa2:	61650513          	addi	a0,a0,1558 # 10b4 <_data_lma>
     aa6:	1ffff597          	auipc	a1,0x1ffff
     aaa:	55a58593          	addi	a1,a1,1370 # 20000000 <_data_vma>
     aae:	1ffff617          	auipc	a2,0x1ffff
     ab2:	58260613          	addi	a2,a2,1410 # 20000030 <_edata>
     ab6:	00c5fa63          	bgeu	a1,a2,aca <handle_reset+0x38>
     aba:	00052283          	lw	t0,0(a0)
     abe:	0055a023          	sw	t0,0(a1)
     ac2:	0511                	addi	a0,a0,4
     ac4:	0591                	addi	a1,a1,4
     ac6:	fec5eae3          	bltu	a1,a2,aba <handle_reset+0x28>
     aca:	1ffff517          	auipc	a0,0x1ffff
     ace:	56650513          	addi	a0,a0,1382 # 20000030 <_edata>
     ad2:	91c18593          	addi	a1,gp,-1764 # 2000014c <_ebss>
     ad6:	00b57763          	bgeu	a0,a1,ae4 <handle_reset+0x52>
     ada:	00052023          	sw	zero,0(a0)
     ade:	0511                	addi	a0,a0,4
     ae0:	feb56de3          	bltu	a0,a1,ada <handle_reset+0x48>
     ae4:	08000293          	li	t0,128
     ae8:	30029073          	csrw	mstatus,t0
     aec:	428d                	li	t0,3
     aee:	80429073          	csrw	0x804,t0
     af2:	fffff297          	auipc	t0,0xfffff
     af6:	50e28293          	addi	t0,t0,1294 # 0 <_sinit>
     afa:	0032e293          	ori	t0,t0,3
     afe:	30529073          	csrw	mtvec,t0
     b02:	ecbff0ef          	jal	ra,9cc <SystemInit>
     b06:	00000297          	auipc	t0,0x0
     b0a:	84828293          	addi	t0,t0,-1976 # 34e <main>
     b0e:	34129073          	csrw	mepc,t0
     b12:	30200073          	mret

00000b16 <GPIO_Init>:
     b16:	459c                	lw	a5,8(a1)
     b18:	1161                	addi	sp,sp,-8
     b1a:	c222                	sw	s0,4(sp)
     b1c:	c026                	sw	s1,0(sp)
     b1e:	0107f713          	andi	a4,a5,16
     b22:	00f7f313          	andi	t1,a5,15
     b26:	c701                	beqz	a4,b2e <GPIO_Init+0x18>
     b28:	41d8                	lw	a4,4(a1)
     b2a:	00e36333          	or	t1,t1,a4
     b2e:	2192                	lhu	a2,0(a1)
     b30:	0ff67713          	andi	a4,a2,255
     b34:	c729                	beqz	a4,b7e <GPIO_Init+0x68>
     b36:	00052383          	lw	t2,0(a0)
     b3a:	4701                	li	a4,0
     b3c:	02800413          	li	s0,40
     b40:	04800493          	li	s1,72
     b44:	4685                	li	a3,1
     b46:	00e695b3          	sll	a1,a3,a4
     b4a:	00b676b3          	and	a3,a2,a1
     b4e:	02d59263          	bne	a1,a3,b72 <GPIO_Init+0x5c>
     b52:	00271293          	slli	t0,a4,0x2
     b56:	46bd                	li	a3,15
     b58:	005696b3          	sll	a3,a3,t0
     b5c:	fff6c693          	not	a3,a3
     b60:	0076f3b3          	and	t2,a3,t2
     b64:	005312b3          	sll	t0,t1,t0
     b68:	0072e3b3          	or	t2,t0,t2
     b6c:	06879763          	bne	a5,s0,bda <GPIO_Init+0xc4>
     b70:	c94c                	sw	a1,20(a0)
     b72:	0705                	addi	a4,a4,1
     b74:	46a1                	li	a3,8
     b76:	fcd717e3          	bne	a4,a3,b44 <GPIO_Init+0x2e>
     b7a:	00752023          	sw	t2,0(a0)
     b7e:	0ff00713          	li	a4,255
     b82:	04c77863          	bgeu	a4,a2,bd2 <GPIO_Init+0xbc>
     b86:	00452383          	lw	t2,4(a0)
     b8a:	46a1                	li	a3,8
     b8c:	02800413          	li	s0,40
     b90:	04800493          	li	s1,72
     b94:	4705                	li	a4,1
     b96:	00d712b3          	sll	t0,a4,a3
     b9a:	00567733          	and	a4,a2,t0
     b9e:	02e29463          	bne	t0,a4,bc6 <GPIO_Init+0xb0>
     ba2:	00269713          	slli	a4,a3,0x2
     ba6:	1701                	addi	a4,a4,-32
     ba8:	45bd                	li	a1,15
     baa:	00e595b3          	sll	a1,a1,a4
     bae:	fff5c593          	not	a1,a1
     bb2:	0075f3b3          	and	t2,a1,t2
     bb6:	00e31733          	sll	a4,t1,a4
     bba:	007763b3          	or	t2,a4,t2
     bbe:	02879263          	bne	a5,s0,be2 <GPIO_Init+0xcc>
     bc2:	00552a23          	sw	t0,20(a0)
     bc6:	0685                	addi	a3,a3,1
     bc8:	4741                	li	a4,16
     bca:	fce695e3          	bne	a3,a4,b94 <GPIO_Init+0x7e>
     bce:	00752223          	sw	t2,4(a0)
     bd2:	4412                	lw	s0,4(sp)
     bd4:	4482                	lw	s1,0(sp)
     bd6:	0121                	addi	sp,sp,8
     bd8:	8082                	ret
     bda:	f8979ce3          	bne	a5,s1,b72 <GPIO_Init+0x5c>
     bde:	c90c                	sw	a1,16(a0)
     be0:	bf49                	j	b72 <GPIO_Init+0x5c>
     be2:	fe9792e3          	bne	a5,s1,bc6 <GPIO_Init+0xb0>
     be6:	00552823          	sw	t0,16(a0)
     bea:	bff1                	j	bc6 <GPIO_Init+0xb0>

00000bec <I2C_DeInit>:
     bec:	400057b7          	lui	a5,0x40005
     bf0:	40078793          	addi	a5,a5,1024 # 40005400 <__global_pointer$+0x20004bd0>
     bf4:	00f51e63          	bne	a0,a5,c10 <I2C_DeInit+0x24>
     bf8:	ca8ff2ef          	jal	t0,a0 <__riscv_save_0>
     bfc:	4585                	li	a1,1
     bfe:	00200537          	lui	a0,0x200
     c02:	24e1                	jal	eca <RCC_APB1PeriphResetCmd>
     c04:	4581                	li	a1,0
     c06:	00200537          	lui	a0,0x200
     c0a:	24c1                	jal	eca <RCC_APB1PeriphResetCmd>
     c0c:	c9eff06f          	j	aa <__riscv_restore_0>
     c10:	8082                	ret

00000c12 <I2C_Init>:
     c12:	c8eff2ef          	jal	t0,a0 <__riscv_save_0>
     c16:	1111                	addi	sp,sp,-28
     c18:	2146                	lhu	s1,4(a0)
     c1a:	842a                	mv	s0,a0
     c1c:	0028                	addi	a0,sp,8
     c1e:	c02e                	sw	a1,0(sp)
     c20:	2ac9                	jal	df2 <RCC_GetClocksFreq>
     c22:	46c2                	lw	a3,16(sp)
     c24:	04c2                	slli	s1,s1,0x10
     c26:	80c1                	srli	s1,s1,0x10
     c28:	fc04f493          	andi	s1,s1,-64
     c2c:	000f45b7          	lui	a1,0xf4
     c30:	24058593          	addi	a1,a1,576 # f4240 <_data_lma+0xf318c>
     c34:	8536                	mv	a0,a3
     c36:	04c2                	slli	s1,s1,0x10
     c38:	c236                	sw	a3,4(sp)
     c3a:	80c1                	srli	s1,s1,0x10
     c3c:	c80ff0ef          	jal	ra,bc <__udivsi3>
     c40:	8d45                	or	a0,a0,s1
     c42:	0542                	slli	a0,a0,0x10
     c44:	8141                	srli	a0,a0,0x10
     c46:	a04a                	sh	a0,4(s0)
     c48:	201e                	lhu	a5,0(s0)
     c4a:	4692                	lw	a3,4(sp)
     c4c:	07c2                	slli	a5,a5,0x10
     c4e:	83c1                	srli	a5,a5,0x10
     c50:	9bf9                	andi	a5,a5,-2
     c52:	07c2                	slli	a5,a5,0x10
     c54:	83c1                	srli	a5,a5,0x10
     c56:	a01e                	sh	a5,0(s0)
     c58:	4782                	lw	a5,0(sp)
     c5a:	4390                	lw	a2,0(a5)
     c5c:	67e1                	lui	a5,0x18
     c5e:	6a078793          	addi	a5,a5,1696 # 186a0 <_data_lma+0x175ec>
     c62:	00161593          	slli	a1,a2,0x1
     c66:	04c7e663          	bltu	a5,a2,cb2 <I2C_Init+0xa0>
     c6a:	8536                	mv	a0,a3
     c6c:	c50ff0ef          	jal	ra,bc <__udivsi3>
     c70:	87aa                	mv	a5,a0
     c72:	0542                	slli	a0,a0,0x10
     c74:	8141                	srli	a0,a0,0x10
     c76:	4691                	li	a3,4
     c78:	00d57363          	bgeu	a0,a3,c7e <I2C_Init+0x6c>
     c7c:	4791                	li	a5,4
     c7e:	01079513          	slli	a0,a5,0x10
     c82:	8141                	srli	a0,a0,0x10
     c84:	ac4a                	sh	a0,28(s0)
     c86:	201e                	lhu	a5,0(s0)
     c88:	4702                	lw	a4,0(sp)
     c8a:	0017e793          	ori	a5,a5,1
     c8e:	a01e                	sh	a5,0(s0)
     c90:	201e                	lhu	a5,0(s0)
     c92:	2356                	lhu	a3,4(a4)
     c94:	2732                	lhu	a2,10(a4)
     c96:	07c2                	slli	a5,a5,0x10
     c98:	83c1                	srli	a5,a5,0x10
     c9a:	8ed1                	or	a3,a3,a2
     c9c:	bf57f793          	andi	a5,a5,-1035
     ca0:	8fd5                	or	a5,a5,a3
     ca2:	a01e                	sh	a5,0(s0)
     ca4:	2716                	lhu	a3,8(a4)
     ca6:	275e                	lhu	a5,12(a4)
     ca8:	8fd5                	or	a5,a5,a3
     caa:	a41e                	sh	a5,8(s0)
     cac:	0171                	addi	sp,sp,28
     cae:	bfcff06f          	j	aa <__riscv_restore_0>
     cb2:	4782                	lw	a5,0(sp)
     cb4:	23ea                	lhu	a0,6(a5)
     cb6:	67b1                	lui	a5,0xc
     cb8:	17fd                	addi	a5,a5,-1
     cba:	02f51063          	bne	a0,a5,cda <I2C_Init+0xc8>
     cbe:	95b2                	add	a1,a1,a2
     cc0:	8536                	mv	a0,a3
     cc2:	bfaff0ef          	jal	ra,bc <__udivsi3>
     cc6:	0542                	slli	a0,a0,0x10
     cc8:	8141                	srli	a0,a0,0x10
     cca:	01451793          	slli	a5,a0,0x14
     cce:	e399                	bnez	a5,cd4 <I2C_Init+0xc2>
     cd0:	00156513          	ori	a0,a0,1
     cd4:	67a1                	lui	a5,0x8
     cd6:	8d5d                	or	a0,a0,a5
     cd8:	b775                	j	c84 <I2C_Init+0x72>
     cda:	00c587b3          	add	a5,a1,a2
     cde:	078e                	slli	a5,a5,0x3
     ce0:	00c785b3          	add	a1,a5,a2
     ce4:	8536                	mv	a0,a3
     ce6:	bd6ff0ef          	jal	ra,bc <__udivsi3>
     cea:	0542                	slli	a0,a0,0x10
     cec:	8141                	srli	a0,a0,0x10
     cee:	6791                	lui	a5,0x4
     cf0:	8d5d                	or	a0,a0,a5
     cf2:	bfe1                	j	cca <I2C_Init+0xb8>

00000cf4 <I2C_Cmd>:
     cf4:	211e                	lhu	a5,0(a0)
     cf6:	c589                	beqz	a1,d00 <I2C_Cmd+0xc>
     cf8:	0017e793          	ori	a5,a5,1
     cfc:	a11e                	sh	a5,0(a0)
     cfe:	8082                	ret
     d00:	07c2                	slli	a5,a5,0x10
     d02:	83c1                	srli	a5,a5,0x10
     d04:	9bf9                	andi	a5,a5,-2
     d06:	07c2                	slli	a5,a5,0x10
     d08:	83c1                	srli	a5,a5,0x10
     d0a:	bfcd                	j	cfc <I2C_Cmd+0x8>

00000d0c <I2C_ITConfig>:
     d0c:	215e                	lhu	a5,4(a0)
     d0e:	c601                	beqz	a2,d16 <I2C_ITConfig+0xa>
     d10:	8ddd                	or	a1,a1,a5
     d12:	a14e                	sh	a1,4(a0)
     d14:	8082                	ret
     d16:	fff5c593          	not	a1,a1
     d1a:	8dfd                	and	a1,a1,a5
     d1c:	bfdd                	j	d12 <I2C_ITConfig+0x6>

00000d1e <I2C_ReceiveData>:
     d1e:	290a                	lhu	a0,16(a0)
     d20:	0ff57513          	andi	a0,a0,255
     d24:	8082                	ret

00000d26 <I2C_GetITStatus>:
     d26:	215e                	lhu	a5,4(a0)
     d28:	295a                	lhu	a4,20(a0)
     d2a:	07c2                	slli	a5,a5,0x10
     d2c:	8f6d                	and	a4,a4,a1
     d2e:	83c1                	srli	a5,a5,0x10
     d30:	cb09                	beqz	a4,d42 <I2C_GetITStatus+0x1c>
     d32:	0105d513          	srli	a0,a1,0x10
     d36:	8d7d                	and	a0,a0,a5
     d38:	70057513          	andi	a0,a0,1792
     d3c:	00a03533          	snez	a0,a0
     d40:	8082                	ret
     d42:	4501                	li	a0,0
     d44:	8082                	ret

00000d46 <NVIC_PriorityGroupConfig>:
     d46:	90a1ac23          	sw	a0,-1768(gp) # 20000148 <NVIC_Priority_Group>
     d4a:	8082                	ret

00000d4c <NVIC_Init>:
     d4c:	91818793          	addi	a5,gp,-1768 # 20000148 <NVIC_Priority_Group>
     d50:	4394                	lw	a3,0(a5)
     d52:	2118                	lbu	a4,0(a0)
     d54:	e681                	bnez	a3,d5c <NVIC_Init+0x10>
     d56:	213c                	lbu	a5,2(a0)
     d58:	0792                	slli	a5,a5,0x4
     d5a:	a821                	j	d72 <NVIC_Init+0x26>
     d5c:	4394                	lw	a3,0(a5)
     d5e:	4605                	li	a2,1
     d60:	02c69f63          	bne	a3,a2,d9e <NVIC_Init+0x52>
     d64:	213c                	lbu	a5,2(a0)
     d66:	3110                	lbu	a2,1(a0)
     d68:	0792                	slli	a5,a5,0x4
     d6a:	00d61463          	bne	a2,a3,d72 <NVIC_Init+0x26>
     d6e:	f807e793          	ori	a5,a5,-128
     d72:	e000e6b7          	lui	a3,0xe000e
     d76:	0ff7f793          	andi	a5,a5,255
     d7a:	96ba                	add	a3,a3,a4
     d7c:	40f68023          	sb	a5,1024(a3) # e000e400 <__global_pointer$+0xc000dbd0>
     d80:	4685                	li	a3,1
     d82:	00575793          	srli	a5,a4,0x5
     d86:	00e69733          	sll	a4,a3,a4
     d8a:	4154                	lw	a3,4(a0)
     d8c:	c2a5                	beqz	a3,dec <NVIC_Init+0xa0>
     d8e:	04078793          	addi	a5,a5,64 # 4040 <_data_lma+0x2f8c>
     d92:	078a                	slli	a5,a5,0x2
     d94:	e000e6b7          	lui	a3,0xe000e
     d98:	97b6                	add	a5,a5,a3
     d9a:	c398                	sw	a4,0(a5)
     d9c:	8082                	ret
     d9e:	438c                	lw	a1,0(a5)
     da0:	4689                	li	a3,2
     da2:	02d59163          	bne	a1,a3,dc4 <NVIC_Init+0x78>
     da6:	3114                	lbu	a3,1(a0)
     da8:	213c                	lbu	a5,2(a0)
     daa:	00d66563          	bltu	a2,a3,db4 <NVIC_Init+0x68>
     dae:	068a                	slli	a3,a3,0x2
     db0:	97b6                	add	a5,a5,a3
     db2:	b75d                	j	d58 <NVIC_Init+0xc>
     db4:	03e68693          	addi	a3,a3,62 # e000e03e <__global_pointer$+0xc000d80e>
     db8:	068a                	slli	a3,a3,0x2
     dba:	97b6                	add	a5,a5,a3
     dbc:	0ff7f793          	andi	a5,a5,255
     dc0:	0792                	slli	a5,a5,0x4
     dc2:	b775                	j	d6e <NVIC_Init+0x22>
     dc4:	4390                	lw	a2,0(a5)
     dc6:	468d                	li	a3,3
     dc8:	00d61c63          	bne	a2,a3,de0 <NVIC_Init+0x94>
     dcc:	3114                	lbu	a3,1(a0)
     dce:	213c                	lbu	a5,2(a0)
     dd0:	00d66463          	bltu	a2,a3,dd8 <NVIC_Init+0x8c>
     dd4:	0686                	slli	a3,a3,0x1
     dd6:	bfe9                	j	db0 <NVIC_Init+0x64>
     dd8:	07c68693          	addi	a3,a3,124
     ddc:	0686                	slli	a3,a3,0x1
     dde:	bff1                	j	dba <NVIC_Init+0x6e>
     de0:	4394                	lw	a3,0(a5)
     de2:	4791                	li	a5,4
     de4:	f8f69ee3          	bne	a3,a5,d80 <NVIC_Init+0x34>
     de8:	311c                	lbu	a5,1(a0)
     dea:	b7bd                	j	d58 <NVIC_Init+0xc>
     dec:	06078793          	addi	a5,a5,96
     df0:	b74d                	j	d92 <NVIC_Init+0x46>

00000df2 <RCC_GetClocksFreq>:
     df2:	aaeff2ef          	jal	t0,a0 <__riscv_save_0>
     df6:	40021737          	lui	a4,0x40021
     dfa:	435c                	lw	a5,4(a4)
     dfc:	4691                	li	a3,4
     dfe:	842a                	mv	s0,a0
     e00:	8bb1                	andi	a5,a5,12
     e02:	00d78563          	beq	a5,a3,e0c <RCC_GetClocksFreq+0x1a>
     e06:	46a1                	li	a3,8
     e08:	06d78d63          	beq	a5,a3,e82 <RCC_GetClocksFreq+0x90>
     e0c:	016e37b7          	lui	a5,0x16e3
     e10:	60078793          	addi	a5,a5,1536 # 16e3600 <_data_lma+0x16e254c>
     e14:	c01c                	sw	a5,0(s0)
     e16:	400216b7          	lui	a3,0x40021
     e1a:	42dc                	lw	a5,4(a3)
     e1c:	8391                	srli	a5,a5,0x4
     e1e:	00f7f713          	andi	a4,a5,15
     e22:	200007b7          	lui	a5,0x20000
     e26:	01c78793          	addi	a5,a5,28 # 2000001c <APBAHBPrescTable>
     e2a:	97ba                	add	a5,a5,a4
     e2c:	238c                	lbu	a1,0(a5)
     e2e:	42dc                	lw	a5,4(a3)
     e30:	4018                	lw	a4,0(s0)
     e32:	0ff5f593          	andi	a1,a1,255
     e36:	0807f793          	andi	a5,a5,128
     e3a:	00b75533          	srl	a0,a4,a1
     e3e:	e781                	bnez	a5,e46 <RCC_GetClocksFreq+0x54>
     e40:	853a                	mv	a0,a4
     e42:	a7aff0ef          	jal	ra,bc <__udivsi3>
     e46:	c048                	sw	a0,4(s0)
     e48:	c408                	sw	a0,8(s0)
     e4a:	c448                	sw	a0,12(s0)
     e4c:	400217b7          	lui	a5,0x40021
     e50:	43dc                	lw	a5,4(a5)
     e52:	83ad                	srli	a5,a5,0xb
     e54:	8bfd                	andi	a5,a5,31
     e56:	0037d713          	srli	a4,a5,0x3
     e5a:	078a                	slli	a5,a5,0x2
     e5c:	8bf1                	andi	a5,a5,28
     e5e:	8fd9                	or	a5,a5,a4
     e60:	0137f693          	andi	a3,a5,19
     e64:	470d                	li	a4,3
     e66:	00d77363          	bgeu	a4,a3,e6c <RCC_GetClocksFreq+0x7a>
     e6a:	17d1                	addi	a5,a5,-12
     e6c:	20000737          	lui	a4,0x20000
     e70:	00870713          	addi	a4,a4,8 # 20000008 <ADCPrescTable>
     e74:	97ba                	add	a5,a5,a4
     e76:	238c                	lbu	a1,0(a5)
     e78:	a44ff0ef          	jal	ra,bc <__udivsi3>
     e7c:	c808                	sw	a0,16(s0)
     e7e:	a2cff06f          	j	aa <__riscv_restore_0>
     e82:	435c                	lw	a5,4(a4)
     e84:	02dc77b7          	lui	a5,0x2dc7
     e88:	c0078793          	addi	a5,a5,-1024 # 2dc6c00 <_data_lma+0x2dc5b4c>
     e8c:	b761                	j	e14 <RCC_GetClocksFreq+0x22>

00000e8e <RCC_APB2PeriphClockCmd>:
     e8e:	c599                	beqz	a1,e9c <RCC_APB2PeriphClockCmd+0xe>
     e90:	40021737          	lui	a4,0x40021
     e94:	4f1c                	lw	a5,24(a4)
     e96:	8d5d                	or	a0,a0,a5
     e98:	cf08                	sw	a0,24(a4)
     e9a:	8082                	ret
     e9c:	400217b7          	lui	a5,0x40021
     ea0:	4f98                	lw	a4,24(a5)
     ea2:	fff54513          	not	a0,a0
     ea6:	8d79                	and	a0,a0,a4
     ea8:	cf88                	sw	a0,24(a5)
     eaa:	8082                	ret

00000eac <RCC_APB1PeriphClockCmd>:
     eac:	c599                	beqz	a1,eba <RCC_APB1PeriphClockCmd+0xe>
     eae:	40021737          	lui	a4,0x40021
     eb2:	4f5c                	lw	a5,28(a4)
     eb4:	8d5d                	or	a0,a0,a5
     eb6:	cf48                	sw	a0,28(a4)
     eb8:	8082                	ret
     eba:	400217b7          	lui	a5,0x40021
     ebe:	4fd8                	lw	a4,28(a5)
     ec0:	fff54513          	not	a0,a0
     ec4:	8d79                	and	a0,a0,a4
     ec6:	cfc8                	sw	a0,28(a5)
     ec8:	8082                	ret

00000eca <RCC_APB1PeriphResetCmd>:
     eca:	c599                	beqz	a1,ed8 <RCC_APB1PeriphResetCmd+0xe>
     ecc:	40021737          	lui	a4,0x40021
     ed0:	4b1c                	lw	a5,16(a4)
     ed2:	8d5d                	or	a0,a0,a5
     ed4:	cb08                	sw	a0,16(a4)
     ed6:	8082                	ret
     ed8:	400217b7          	lui	a5,0x40021
     edc:	4b98                	lw	a4,16(a5)
     ede:	fff54513          	not	a0,a0
     ee2:	8d79                	and	a0,a0,a4
     ee4:	cb88                	sw	a0,16(a5)
     ee6:	8082                	ret

00000ee8 <TIM_TimeBaseInit>:
     ee8:	211e                	lhu	a5,0(a0)
     eea:	40013737          	lui	a4,0x40013
     eee:	c0070713          	addi	a4,a4,-1024 # 40012c00 <__global_pointer$+0x200123d0>
     ef2:	07c2                	slli	a5,a5,0x10
     ef4:	83c1                	srli	a5,a5,0x10
     ef6:	00e50663          	beq	a0,a4,f02 <TIM_TimeBaseInit+0x1a>
     efa:	40000737          	lui	a4,0x40000
     efe:	00e51663          	bne	a0,a4,f0a <TIM_TimeBaseInit+0x22>
     f02:	21ba                	lhu	a4,2(a1)
     f04:	f8f7f793          	andi	a5,a5,-113
     f08:	8fd9                	or	a5,a5,a4
     f0a:	21fa                	lhu	a4,6(a1)
     f0c:	cff7f793          	andi	a5,a5,-769
     f10:	07c2                	slli	a5,a5,0x10
     f12:	83c1                	srli	a5,a5,0x10
     f14:	8fd9                	or	a5,a5,a4
     f16:	a11e                	sh	a5,0(a0)
     f18:	21de                	lhu	a5,4(a1)
     f1a:	b55e                	sh	a5,44(a0)
     f1c:	219e                	lhu	a5,0(a1)
     f1e:	b51e                	sh	a5,40(a0)
     f20:	400137b7          	lui	a5,0x40013
     f24:	c0078793          	addi	a5,a5,-1024 # 40012c00 <__global_pointer$+0x200123d0>
     f28:	00f51463          	bne	a0,a5,f30 <TIM_TimeBaseInit+0x48>
     f2c:	259c                	lbu	a5,8(a1)
     f2e:	b91e                	sh	a5,48(a0)
     f30:	4785                	li	a5,1
     f32:	a95e                	sh	a5,20(a0)
     f34:	8082                	ret

00000f36 <TIM_OC4Init>:
     f36:	311a                	lhu	a4,32(a0)
     f38:	77fd                	lui	a5,0xfffff
     f3a:	17fd                	addi	a5,a5,-1
     f3c:	8ff9                	and	a5,a5,a4
     f3e:	b11e                	sh	a5,32(a0)
     f40:	02055303          	lhu	t1,32(a0) # 200020 <_data_lma+0x1fef6c>
     f44:	215a                	lhu	a4,4(a0)
     f46:	2d5e                	lhu	a5,28(a0)
     f48:	76e5                	lui	a3,0xffff9
     f4a:	cff68693          	addi	a3,a3,-769 # ffff8cff <__global_pointer$+0xdfff84cf>
     f4e:	8efd                	and	a3,a3,a5
     f50:	219e                	lhu	a5,0(a1)
     f52:	01071613          	slli	a2,a4,0x10
     f56:	21ba                	lhu	a4,2(a1)
     f58:	07a2                	slli	a5,a5,0x8
     f5a:	8edd                	or	a3,a3,a5
     f5c:	77f9                	lui	a5,0xffffe
     f5e:	17fd                	addi	a5,a5,-1
     f60:	0067f7b3          	and	a5,a5,t1
     f64:	0085d303          	lhu	t1,8(a1)
     f68:	06c2                	slli	a3,a3,0x10
     f6a:	8241                	srli	a2,a2,0x10
     f6c:	00676733          	or	a4,a4,t1
     f70:	0732                	slli	a4,a4,0xc
     f72:	8fd9                	or	a5,a5,a4
     f74:	40013737          	lui	a4,0x40013
     f78:	07c2                	slli	a5,a5,0x10
     f7a:	c0070713          	addi	a4,a4,-1024 # 40012c00 <__global_pointer$+0x200123d0>
     f7e:	82c1                	srli	a3,a3,0x10
     f80:	83c1                	srli	a5,a5,0x10
     f82:	00e51b63          	bne	a0,a4,f98 <TIM_OC4Init+0x62>
     f86:	7771                	lui	a4,0xffffc
     f88:	177d                	addi	a4,a4,-1
     f8a:	8f71                	and	a4,a4,a2
     f8c:	25d2                	lhu	a2,12(a1)
     f8e:	061a                	slli	a2,a2,0x6
     f90:	8f51                	or	a4,a4,a2
     f92:	01071613          	slli	a2,a4,0x10
     f96:	8241                	srli	a2,a2,0x10
     f98:	21fa                	lhu	a4,6(a1)
     f9a:	a152                	sh	a2,4(a0)
     f9c:	ad56                	sh	a3,28(a0)
     f9e:	c138                	sw	a4,64(a0)
     fa0:	b11e                	sh	a5,32(a0)
     fa2:	8082                	ret

00000fa4 <TIM_Cmd>:
     fa4:	211e                	lhu	a5,0(a0)
     fa6:	c589                	beqz	a1,fb0 <TIM_Cmd+0xc>
     fa8:	0017e793          	ori	a5,a5,1
     fac:	a11e                	sh	a5,0(a0)
     fae:	8082                	ret
     fb0:	07c2                	slli	a5,a5,0x10
     fb2:	83c1                	srli	a5,a5,0x10
     fb4:	9bf9                	andi	a5,a5,-2
     fb6:	07c2                	slli	a5,a5,0x10
     fb8:	83c1                	srli	a5,a5,0x10
     fba:	bfcd                	j	fac <TIM_Cmd+0x8>

00000fbc <TIM_CtrlPWMOutputs>:
     fbc:	04455783          	lhu	a5,68(a0)
     fc0:	c591                	beqz	a1,fcc <TIM_CtrlPWMOutputs+0x10>
     fc2:	6721                	lui	a4,0x8
     fc4:	8fd9                	or	a5,a5,a4
     fc6:	04f51223          	sh	a5,68(a0)
     fca:	8082                	ret
     fcc:	07c6                	slli	a5,a5,0x11
     fce:	83c5                	srli	a5,a5,0x11
     fd0:	bfdd                	j	fc6 <TIM_CtrlPWMOutputs+0xa>

00000fd2 <TIM_ARRPreloadConfig>:
     fd2:	211e                	lhu	a5,0(a0)
     fd4:	c589                	beqz	a1,fde <TIM_ARRPreloadConfig+0xc>
     fd6:	0807e793          	ori	a5,a5,128
     fda:	a11e                	sh	a5,0(a0)
     fdc:	8082                	ret
     fde:	07c2                	slli	a5,a5,0x10
     fe0:	83c1                	srli	a5,a5,0x10
     fe2:	f7f7f793          	andi	a5,a5,-129
     fe6:	07c2                	slli	a5,a5,0x10
     fe8:	83c1                	srli	a5,a5,0x10
     fea:	bfc5                	j	fda <TIM_ARRPreloadConfig+0x8>

00000fec <TIM_OC4PreloadConfig>:
     fec:	2d5a                	lhu	a4,28(a0)
     fee:	77fd                	lui	a5,0xfffff
     ff0:	7ff78793          	addi	a5,a5,2047 # fffff7ff <__global_pointer$+0xdfffefcf>
     ff4:	8ff9                	and	a5,a5,a4
     ff6:	05a2                	slli	a1,a1,0x8
     ff8:	8fcd                	or	a5,a5,a1
     ffa:	07c2                	slli	a5,a5,0x10
     ffc:	83c1                	srli	a5,a5,0x10
     ffe:	ad5e                	sh	a5,28(a0)
    1000:	8082                	ret
    1002:	0000                	unimp
    1004:	0464                	addi	s1,sp,524
    1006:	0000                	unimp
    1008:	0464                	addi	s1,sp,524
    100a:	0000                	unimp
    100c:	04ba                	slli	s1,s1,0xe
    100e:	0000                	unimp
    1010:	04ba                	slli	s1,s1,0xe
    1012:	0000                	unimp
    1014:	0510                	addi	a2,sp,640
    1016:	0000                	unimp
    1018:	0510                	addi	a2,sp,640
    101a:	0000                	unimp
    101c:	054a                	slli	a0,a0,0x12
    101e:	0000                	unimp
    1020:	058e                	slli	a1,a1,0x3
    1022:	0000                	unimp
    1024:	03fc                	addi	a5,sp,460
    1026:	0000                	unimp
    1028:	03fc                	addi	a5,sp,460
    102a:	0000                	unimp
    102c:	03fc                	addi	a5,sp,460
    102e:	0000                	unimp
    1030:	0604                	addi	s1,sp,768
    1032:	0000                	unimp
    1034:	0604                	addi	s1,sp,768
    1036:	0000                	unimp
    1038:	064a                	slli	a2,a2,0x12
    103a:	0000                	unimp
    103c:	03fc                	addi	a5,sp,460
    103e:	0000                	unimp
    1040:	0658                	addi	a4,sp,772
    1042:	0000                	unimp
    1044:	0864                	addi	s1,sp,28
    1046:	0000                	unimp
    1048:	0864                	addi	s1,sp,28
    104a:	0000                	unimp
    104c:	0864                	addi	s1,sp,28
    104e:	0000                	unimp
    1050:	0864                	addi	s1,sp,28
    1052:	0000                	unimp
    1054:	0870                	addi	a2,sp,28
    1056:	0000                	unimp
    1058:	0852                	slli	a6,a6,0x14
    105a:	0000                	unimp
    105c:	0954                	addi	a3,sp,148
    105e:	0000                	unimp
    1060:	0974                	addi	a3,sp,156
    1062:	0000                	unimp
    1064:	097a                	slli	s2,s2,0x1e
    1066:	0000                	unimp
    1068:	0984                	addi	s1,sp,208
    106a:	0000                	unimp
    106c:	098a                	slli	s3,s3,0x2
    106e:	0000                	unimp
    1070:	0864                	addi	s1,sp,28
	...

00001074 <psg_volume>:
    1074:	0000 0000 0001 0001 0002 0002 0003 0004     ................
    1084:	0005 0006 0007 0008 0009 000b 000d 0010     ................
    1094:	0013 0017 001b 0020 0026 002d 0036 0040     ...... .&.-.6.@.
    10a4:	004c 005a 006b 0080 0098 00b4 00d6 00ff     L.Z.k...........
